21:23:04 - INFO - load_locale: 43 - Начало загружки модуля локализации
21:23:04 - INFO - load_locale: 47 - --Модуль locale\commands\accounts был успешно загружен
21:23:04 - INFO - load_locale: 47 - --Модуль locale\commands\economy был успешно загружен
21:23:04 - INFO - load_locale: 47 - --Модуль locale\commands\family был успешно загружен
21:23:04 - INFO - load_locale: 47 - --Модуль locale\commands\gaiety был успешно загружен
21:23:04 - INFO - load_locale: 47 - --Модуль locale\commands\info был успешно загружен
21:23:04 - INFO - load_locale: 47 - --Модуль locale\commands\moderation был успешно загружен
21:23:04 - INFO - load_locale: 47 - --Модуль locale\commands\profile был успешно загружен
21:23:04 - INFO - load_locale: 47 - --Модуль locale\commands\rating был успешно загружен
21:23:04 - INFO - load_locale: 47 - --Модуль locale\commands\roleplay был успешно загружен
21:23:04 - INFO - load_locale: 47 - --Модуль locale\commands\server_settings был успешно загружен
21:23:04 - INFO - load_locale: 47 - --Модуль locale\commands\user был успешно загружен
21:23:04 - INFO - load_locale: 47 - --Модуль locale\commands\utilits был успешно загружен
21:23:04 - INFO - load_locale: 48 - Локализация для аргументов и названий команд загружена
21:23:04 - INFO - load_extensions: 17 - Начало загрузки команд
21:23:04 - INFO - load_extensions: 21 - --Модуль extensions.commands.roleplay был успешно загружен
21:23:04 - INFO - load_extensions: 21 - --Модуль extensions.commands.family был успешно загружен
21:23:04 - INFO - load_extensions: 21 - --Модуль extensions.commands.info был успешно загружен
21:23:04 - INFO - load_extensions: 21 - --Модуль extensions.commands.gaiety был успешно загружен
21:23:04 - INFO - load_extensions: 21 - --Модуль extensions.commands.developer был успешно загружен
21:23:04 - INFO - load_extensions: 21 - --Модуль extensions.commands.accounts был успешно загружен
21:23:04 - INFO - load_extensions: 21 - --Модуль extensions.commands.user был успешно загружен
21:23:04 - INFO - load_extensions: 21 - --Модуль extensions.commands.utilits был успешно загружен
21:23:04 - INFO - load_extensions: 21 - --Модуль extensions.commands.profile был успешно загружен
21:23:04 - INFO - load_extensions: 21 - --Модуль extensions.commands.moderation был успешно загружен
21:23:04 - INFO - load_extensions: 21 - --Модуль extensions.commands.rating был успешно загружен
21:23:04 - INFO - load_extensions: 21 - --Модуль extensions.commands.economy был успешно загружен
21:23:04 - INFO - load_extensions: 21 - --Модуль extensions.commands.server_settings был успешно загружен
21:23:04 - INFO - load_extensions: 27 - Комманды были успешны загружены
21:23:04 - INFO - load_extensions: 29 - Начало загрузки ивентов
21:23:04 - INFO - load_extensions: 33 - --Модуль extensions.events.on_member_join был успешно загружен
21:23:04 - INFO - load_extensions: 33 - --Модуль extensions.events.on_guild_join был успешно загружен
21:23:04 - INFO - load_extensions: 33 - --Модуль extensions.events.on_member_remove был успешно загружен
21:23:04 - INFO - load_extensions: 33 - --Модуль extensions.events.private_voices был успешно загружен
21:23:04 - INFO - load_extensions: 33 - --Модуль extensions.events.on_error был успешно загружен
21:23:04 - INFO - load_extensions: 33 - --Модуль extensions.events.on_guild_remove был успешно загружен
21:23:04 - INFO - load_extensions: 33 - --Модуль extensions.events.on_ready был успешно загружен
21:23:04 - INFO - load_extensions: 33 - --Модуль extensions.events.levels был успешно загружен
21:23:04 - INFO - load_extensions: 39 - Ивенты были успешно загружены
21:23:04 - INFO - init_database: 25 - База данных подключена
21:23:04 - INFO - login: 861 - logging in using static token
21:23:06 - INFO - identify: 522 - Shard ID None has sent the IDENTIFY payload.
21:23:07 - INFO - received_message: 619 - Shard ID None has connected to Gateway: ["gateway-prd-us-east1-c-ttc9",{"micros":82308,"calls":["id_created",{"micros":1346,"calls":[]},"session_lookup_time",{"micros":416,"calls":[]},"session_lookup_finished",{"micros":14,"calls":[]},"discord-sessions-prd-2-23",{"micros":80071,"calls":["start_session",{"micros":65867,"calls":["discord-api-6c89db896f-ljktk",{"micros":51018,"calls":["get_user",{"micros":10123},"get_guilds",{"micros":7766},"send_scheduled_deletion_message",{"micros":12},"guild_join_requests",{"micros":2},"authorized_ip_coro",{"micros":13}]}]},"starting_guild_connect",{"micros":51,"calls":[]},"presence_started",{"micros":406,"calls":[]},"guilds_started",{"micros":2409,"calls":[]},"guilds_connect",{"micros":55,"calls":[]},"presence_connect",{"micros":11184,"calls":[]},"connect_finished",{"micros":11246,"calls":[]},"build_ready",{"micros":87,"calls":[]},"clean_ready",{"micros":1,"calls":[]},"optimize_ready",{"micros":0,"calls":[]},"split_ready",{"micros":1,"calls":[]}]}]}] (Session ID: 9fa901733eec30c00f82c21842118743, Resume URL: wss://gateway-us-east1-c.discord.gg).
21:23:10 - INFO - on_ready: 32 - Загрузка клиента
21:23:10 - INFO - on_ready: 74 - Бот был запущен
21:24:25 - INFO - load_locale: 43 - Начало загружки модуля локализации
21:24:25 - INFO - load_locale: 47 - --Модуль locale\commands\accounts был успешно загружен
21:24:25 - INFO - load_locale: 47 - --Модуль locale\commands\economy был успешно загружен
21:24:25 - INFO - load_locale: 47 - --Модуль locale\commands\family был успешно загружен
21:24:25 - INFO - load_locale: 47 - --Модуль locale\commands\gaiety был успешно загружен
21:24:25 - INFO - load_locale: 47 - --Модуль locale\commands\info был успешно загружен
21:24:25 - INFO - load_locale: 47 - --Модуль locale\commands\moderation был успешно загружен
21:24:25 - INFO - load_locale: 47 - --Модуль locale\commands\profile был успешно загружен
21:24:25 - INFO - load_locale: 47 - --Модуль locale\commands\rating был успешно загружен
21:24:25 - INFO - load_locale: 47 - --Модуль locale\commands\roleplay был успешно загружен
21:24:25 - INFO - load_locale: 47 - --Модуль locale\commands\server_settings был успешно загружен
21:24:25 - INFO - load_locale: 47 - --Модуль locale\commands\user был успешно загружен
21:24:25 - INFO - load_locale: 47 - --Модуль locale\commands\utilits был успешно загружен
21:24:25 - INFO - load_locale: 48 - Локализация для аргументов и названий команд загружена
21:24:25 - INFO - load_extensions: 17 - Начало загрузки команд
21:24:25 - INFO - load_extensions: 21 - --Модуль extensions.commands.server_settings был успешно загружен
21:24:25 - INFO - load_extensions: 21 - --Модуль extensions.commands.developer был успешно загружен
21:24:25 - INFO - load_extensions: 21 - --Модуль extensions.commands.accounts был успешно загружен
21:24:25 - INFO - load_extensions: 21 - --Модуль extensions.commands.economy был успешно загружен
21:24:25 - INFO - load_extensions: 21 - --Модуль extensions.commands.family был успешно загружен
21:24:25 - INFO - load_extensions: 21 - --Модуль extensions.commands.user был успешно загружен
21:24:25 - INFO - load_extensions: 21 - --Модуль extensions.commands.profile был успешно загружен
21:24:25 - INFO - load_extensions: 21 - --Модуль extensions.commands.rating был успешно загружен
21:24:25 - INFO - load_extensions: 21 - --Модуль extensions.commands.roleplay был успешно загружен
21:24:25 - INFO - load_extensions: 21 - --Модуль extensions.commands.moderation был успешно загружен
21:24:25 - INFO - load_extensions: 21 - --Модуль extensions.commands.gaiety был успешно загружен
21:24:25 - INFO - load_extensions: 21 - --Модуль extensions.commands.info был успешно загружен
21:24:25 - INFO - load_extensions: 21 - --Модуль extensions.commands.utilits был успешно загружен
21:24:25 - INFO - load_extensions: 27 - Комманды были успешны загружены
21:24:25 - INFO - load_extensions: 29 - Начало загрузки ивентов
21:24:25 - INFO - load_extensions: 33 - --Модуль extensions.events.on_guild_join был успешно загружен
21:24:25 - INFO - load_extensions: 33 - --Модуль extensions.events.on_member_join был успешно загружен
21:24:25 - INFO - load_extensions: 33 - --Модуль extensions.events.levels был успешно загружен
21:24:25 - INFO - load_extensions: 33 - --Модуль extensions.events.on_ready был успешно загружен
21:24:25 - INFO - load_extensions: 33 - --Модуль extensions.events.on_guild_remove был успешно загружен
21:24:25 - INFO - load_extensions: 33 - --Модуль extensions.events.on_error был успешно загружен
21:24:25 - INFO - load_extensions: 33 - --Модуль extensions.events.private_voices был успешно загружен
21:24:25 - INFO - load_extensions: 33 - --Модуль extensions.events.on_member_remove был успешно загружен
21:24:25 - INFO - load_extensions: 39 - Ивенты были успешно загружены
21:24:25 - INFO - init_database: 25 - База данных подключена
21:24:25 - INFO - login: 861 - logging in using static token
21:24:27 - INFO - identify: 522 - Shard ID None has sent the IDENTIFY payload.
21:24:27 - INFO - received_message: 619 - Shard ID None has connected to Gateway: ["gateway-prd-us-east1-c-vvzg",{"micros":107691,"calls":["id_created",{"micros":1959,"calls":[]},"session_lookup_time",{"micros":1965,"calls":[]},"session_lookup_finished",{"micros":14,"calls":[]},"discord-sessions-prd-2-41",{"micros":103203,"calls":["start_session",{"micros":88580,"calls":["discord-api-6c89db896f-jlggc",{"micros":75269,"calls":["get_user",{"micros":13891},"get_guilds",{"micros":8932},"send_scheduled_deletion_message",{"micros":7},"guild_join_requests",{"micros":203},"authorized_ip_coro",{"micros":9}]}]},"starting_guild_connect",{"micros":49,"calls":[]},"presence_started",{"micros":1734,"calls":[]},"guilds_started",{"micros":2351,"calls":[]},"guilds_connect",{"micros":51,"calls":[]},"presence_connect",{"micros":10304,"calls":[]},"connect_finished",{"micros":10365,"calls":[]},"build_ready",{"micros":119,"calls":[]},"clean_ready",{"micros":1,"calls":[]},"optimize_ready",{"micros":0,"calls":[]},"split_ready",{"micros":1,"calls":[]}]}]}] (Session ID: d1f9d2d402669eb0778b84c84f855b84, Resume URL: wss://gateway-us-east1-c.discord.gg).
21:24:31 - INFO - on_ready: 32 - Загрузка клиента
21:24:31 - INFO - on_ready: 74 - Бот был запущен
21:24:37 - ERROR - default_exception_handler: 1744 - Task was destroyed but it is pending!
task: <Task pending name='disnake: on_application_command' coro=<Client._run_event() done, defined at C:\Users\astol\AppData\Local\Programs\Python\Python310\lib\site-packages\disnake\client.py:695> wait_for=<Future pending cb=[Task.task_wakeup()]>>
21:25:04 - INFO - load_locale: 43 - Начало загружки модуля локализации
21:25:04 - INFO - load_locale: 47 - --Модуль locale\commands\accounts был успешно загружен
21:25:04 - INFO - load_locale: 47 - --Модуль locale\commands\economy был успешно загружен
21:25:04 - INFO - load_locale: 47 - --Модуль locale\commands\family был успешно загружен
21:25:04 - INFO - load_locale: 47 - --Модуль locale\commands\gaiety был успешно загружен
21:25:04 - INFO - load_locale: 47 - --Модуль locale\commands\info был успешно загружен
21:25:04 - INFO - load_locale: 47 - --Модуль locale\commands\moderation был успешно загружен
21:25:04 - INFO - load_locale: 47 - --Модуль locale\commands\profile был успешно загружен
21:25:04 - INFO - load_locale: 47 - --Модуль locale\commands\rating был успешно загружен
21:25:04 - INFO - load_locale: 47 - --Модуль locale\commands\roleplay был успешно загружен
21:25:04 - INFO - load_locale: 47 - --Модуль locale\commands\server_settings был успешно загружен
21:25:04 - INFO - load_locale: 47 - --Модуль locale\commands\user был успешно загружен
21:25:04 - INFO - load_locale: 47 - --Модуль locale\commands\utilits был успешно загружен
21:25:04 - INFO - load_locale: 48 - Локализация для аргументов и названий команд загружена
21:25:04 - INFO - load_extensions: 17 - Начало загрузки команд
21:25:04 - INFO - load_extensions: 21 - --Модуль extensions.commands.roleplay был успешно загружен
21:25:04 - INFO - load_extensions: 21 - --Модуль extensions.commands.profile был успешно загружен
21:25:04 - INFO - load_extensions: 21 - --Модуль extensions.commands.accounts был успешно загружен
21:25:04 - INFO - load_extensions: 21 - --Модуль extensions.commands.user был успешно загружен
21:25:04 - INFO - load_extensions: 21 - --Модуль extensions.commands.family был успешно загружен
21:25:04 - INFO - load_extensions: 21 - --Модуль extensions.commands.info был успешно загружен
21:25:04 - INFO - load_extensions: 21 - --Модуль extensions.commands.economy был успешно загружен
21:25:04 - INFO - load_extensions: 21 - --Модуль extensions.commands.developer был успешно загружен
21:25:04 - INFO - load_extensions: 21 - --Модуль extensions.commands.server_settings был успешно загружен
21:25:04 - INFO - load_extensions: 21 - --Модуль extensions.commands.gaiety был успешно загружен
21:25:04 - INFO - load_extensions: 21 - --Модуль extensions.commands.rating был успешно загружен
21:25:04 - INFO - load_extensions: 21 - --Модуль extensions.commands.moderation был успешно загружен
21:25:04 - INFO - load_extensions: 21 - --Модуль extensions.commands.utilits был успешно загружен
21:25:04 - INFO - load_extensions: 27 - Комманды были успешны загружены
21:25:04 - INFO - load_extensions: 29 - Начало загрузки ивентов
21:25:04 - INFO - load_extensions: 33 - --Модуль extensions.events.on_guild_remove был успешно загружен
21:25:04 - INFO - load_extensions: 33 - --Модуль extensions.events.on_member_join был успешно загружен
21:25:04 - INFO - load_extensions: 33 - --Модуль extensions.events.on_guild_join был успешно загружен
21:25:04 - INFO - load_extensions: 33 - --Модуль extensions.events.on_ready был успешно загружен
21:25:04 - INFO - load_extensions: 33 - --Модуль extensions.events.private_voices был успешно загружен
21:25:04 - INFO - load_extensions: 33 - --Модуль extensions.events.levels был успешно загружен
21:25:04 - INFO - load_extensions: 33 - --Модуль extensions.events.on_error был успешно загружен
21:25:04 - INFO - load_extensions: 33 - --Модуль extensions.events.on_member_remove был успешно загружен
21:25:04 - INFO - load_extensions: 39 - Ивенты были успешно загружены
21:25:04 - INFO - init_database: 25 - База данных подключена
21:25:04 - INFO - login: 861 - logging in using static token
21:25:06 - INFO - identify: 522 - Shard ID None has sent the IDENTIFY payload.
21:25:06 - INFO - received_message: 619 - Shard ID None has connected to Gateway: ["gateway-prd-us-east1-b-lng1",{"micros":189450,"calls":["id_created",{"micros":1092,"calls":[]},"session_lookup_time",{"micros":4037,"calls":[]},"session_lookup_finished",{"micros":15,"calls":[]},"discord-sessions-prd-2-25",{"micros":183573,"calls":["start_session",{"micros":174986,"calls":["discord-api-6c89db896f-qbngv",{"micros":127637,"calls":["get_user",{"micros":42722},"get_guilds",{"micros":17266},"send_scheduled_deletion_message",{"micros":12},"guild_join_requests",{"micros":2},"authorized_ip_coro",{"micros":9}]}]},"starting_guild_connect",{"micros":85,"calls":[]},"presence_started",{"micros":316,"calls":[]},"guilds_started",{"micros":2461,"calls":[]},"guilds_connect",{"micros":68,"calls":[]},"presence_connect",{"micros":5561,"calls":[]},"connect_finished",{"micros":5637,"calls":[]},"build_ready",{"micros":84,"calls":[]},"clean_ready",{"micros":1,"calls":[]},"optimize_ready",{"micros":0,"calls":[]},"split_ready",{"micros":1,"calls":[]}]}]}] (Session ID: d39f52cdc739d51bff6608557c2a74fd, Resume URL: wss://gateway-us-east1-b.discord.gg).
21:25:07 - INFO - load_locale: 43 - Начало загружки модуля локализации
21:25:07 - INFO - load_locale: 47 - --Модуль locale\commands\accounts был успешно загружен
21:25:07 - INFO - load_locale: 47 - --Модуль locale\commands\economy был успешно загружен
21:25:07 - INFO - load_locale: 47 - --Модуль locale\commands\family был успешно загружен
21:25:07 - INFO - load_locale: 47 - --Модуль locale\commands\gaiety был успешно загружен
21:25:07 - INFO - load_locale: 47 - --Модуль locale\commands\info был успешно загружен
21:25:07 - INFO - load_locale: 47 - --Модуль locale\commands\moderation был успешно загружен
21:25:07 - INFO - load_locale: 47 - --Модуль locale\commands\profile был успешно загружен
21:25:07 - INFO - load_locale: 47 - --Модуль locale\commands\rating был успешно загружен
21:25:07 - INFO - load_locale: 47 - --Модуль locale\commands\roleplay был успешно загружен
21:25:07 - INFO - load_locale: 47 - --Модуль locale\commands\server_settings был успешно загружен
21:25:07 - INFO - load_locale: 47 - --Модуль locale\commands\user был успешно загружен
21:25:07 - INFO - load_locale: 47 - --Модуль locale\commands\utilits был успешно загружен
21:25:07 - INFO - load_locale: 48 - Локализация для аргументов и названий команд загружена
21:25:07 - INFO - load_extensions: 17 - Начало загрузки команд
21:25:07 - INFO - load_extensions: 21 - --Модуль extensions.commands.family был успешно загружен
21:25:07 - INFO - load_extensions: 21 - --Модуль extensions.commands.user был успешно загружен
21:25:07 - INFO - load_extensions: 21 - --Модуль extensions.commands.accounts был успешно загружен
21:25:07 - INFO - load_extensions: 21 - --Модуль extensions.commands.server_settings был успешно загружен
21:25:07 - INFO - load_extensions: 21 - --Модуль extensions.commands.economy был успешно загружен
21:25:07 - INFO - load_extensions: 21 - --Модуль extensions.commands.roleplay был успешно загружен
21:25:07 - INFO - load_extensions: 21 - --Модуль extensions.commands.info был успешно загружен
21:25:07 - INFO - load_extensions: 21 - --Модуль extensions.commands.gaiety был успешно загружен
21:25:07 - INFO - load_extensions: 21 - --Модуль extensions.commands.rating был успешно загружен
21:25:07 - INFO - load_extensions: 21 - --Модуль extensions.commands.profile был успешно загружен
21:25:07 - INFO - load_extensions: 21 - --Модуль extensions.commands.utilits был успешно загружен
21:25:07 - INFO - load_extensions: 21 - --Модуль extensions.commands.moderation был успешно загружен
21:25:07 - INFO - load_extensions: 21 - --Модуль extensions.commands.developer был успешно загружен
21:25:07 - INFO - load_extensions: 27 - Комманды были успешны загружены
21:25:07 - INFO - load_extensions: 29 - Начало загрузки ивентов
21:25:07 - INFO - load_extensions: 33 - --Модуль extensions.events.private_voices был успешно загружен
21:25:07 - INFO - load_extensions: 33 - --Модуль extensions.events.on_guild_join был успешно загружен
21:25:07 - INFO - load_extensions: 33 - --Модуль extensions.events.on_error был успешно загружен
21:25:07 - INFO - load_extensions: 33 - --Модуль extensions.events.levels был успешно загружен
21:25:07 - INFO - load_extensions: 33 - --Модуль extensions.events.on_member_remove был успешно загружен
21:25:07 - INFO - load_extensions: 33 - --Модуль extensions.events.on_ready был успешно загружен
21:25:07 - INFO - load_extensions: 33 - --Модуль extensions.events.on_guild_remove был успешно загружен
21:25:07 - INFO - load_extensions: 33 - --Модуль extensions.events.on_member_join был успешно загружен
21:25:07 - INFO - load_extensions: 39 - Ивенты были успешно загружены
21:25:07 - INFO - init_database: 25 - База данных подключена
21:25:07 - INFO - login: 861 - logging in using static token
21:25:09 - INFO - identify: 522 - Shard ID None has sent the IDENTIFY payload.
21:25:09 - INFO - received_message: 619 - Shard ID None has connected to Gateway: ["gateway-prd-us-east1-c-n2np",{"micros":76535,"calls":["id_created",{"micros":1084,"calls":[]},"session_lookup_time",{"micros":1995,"calls":[]},"session_lookup_finished",{"micros":14,"calls":[]},"discord-sessions-prd-2-65",{"micros":72908,"calls":["start_session",{"micros":53142,"calls":["discord-api-6c89db896f-ccbtt",{"micros":48766,"calls":["get_user",{"micros":7271},"get_guilds",{"micros":5772},"send_scheduled_deletion_message",{"micros":11},"guild_join_requests",{"micros":665},"authorized_ip_coro",{"micros":10}]}]},"starting_guild_connect",{"micros":60,"calls":[]},"presence_started",{"micros":889,"calls":[]},"guilds_started",{"micros":2228,"calls":[]},"guilds_connect",{"micros":36,"calls":[]},"presence_connect",{"micros":16450,"calls":[]},"connect_finished",{"micros":16494,"calls":[]},"build_ready",{"micros":92,"calls":[]},"clean_ready",{"micros":0,"calls":[]},"optimize_ready",{"micros":1,"calls":[]},"split_ready",{"micros":0,"calls":[]}]}]}] (Session ID: febccd7de4367e45c203bccae054304a, Resume URL: wss://gateway-us-east1-c.discord.gg).
21:25:13 - INFO - on_ready: 32 - Загрузка клиента
21:25:13 - INFO - on_ready: 74 - Бот был запущен
21:26:37 - INFO - load_locale: 43 - Начало загружки модуля локализации
21:26:37 - INFO - load_locale: 47 - --Модуль locale\commands\accounts был успешно загружен
21:26:37 - INFO - load_locale: 47 - --Модуль locale\commands\economy был успешно загружен
21:26:37 - INFO - load_locale: 47 - --Модуль locale\commands\family был успешно загружен
21:26:37 - INFO - load_locale: 47 - --Модуль locale\commands\gaiety был успешно загружен
21:26:37 - INFO - load_locale: 47 - --Модуль locale\commands\info был успешно загружен
21:26:37 - INFO - load_locale: 47 - --Модуль locale\commands\moderation был успешно загружен
21:26:37 - INFO - load_locale: 47 - --Модуль locale\commands\profile был успешно загружен
21:26:37 - INFO - load_locale: 47 - --Модуль locale\commands\rating был успешно загружен
21:26:37 - INFO - load_locale: 47 - --Модуль locale\commands\roleplay был успешно загружен
21:26:37 - INFO - load_locale: 47 - --Модуль locale\commands\server_settings был успешно загружен
21:26:37 - INFO - load_locale: 47 - --Модуль locale\commands\user был успешно загружен
21:26:37 - INFO - load_locale: 47 - --Модуль locale\commands\utilits был успешно загружен
21:26:37 - INFO - load_locale: 48 - Локализация для аргументов и названий команд загружена
21:26:37 - INFO - load_extensions: 17 - Начало загрузки команд
21:26:37 - INFO - load_extensions: 21 - --Модуль extensions.commands.info был успешно загружен
21:26:37 - INFO - load_extensions: 21 - --Модуль extensions.commands.moderation был успешно загружен
21:26:37 - INFO - load_extensions: 21 - --Модуль extensions.commands.rating был успешно загружен
21:26:37 - INFO - load_extensions: 21 - --Модуль extensions.commands.user был успешно загружен
21:26:37 - INFO - load_extensions: 21 - --Модуль extensions.commands.profile был успешно загружен
21:26:37 - INFO - load_extensions: 21 - --Модуль extensions.commands.developer был успешно загружен
21:26:37 - INFO - load_extensions: 21 - --Модуль extensions.commands.accounts был успешно загружен
21:26:37 - INFO - load_extensions: 21 - --Модуль extensions.commands.roleplay был успешно загружен
21:26:37 - INFO - load_extensions: 21 - --Модуль extensions.commands.gaiety был успешно загружен
21:26:37 - INFO - load_extensions: 21 - --Модуль extensions.commands.economy был успешно загружен
21:26:37 - INFO - load_extensions: 21 - --Модуль extensions.commands.server_settings был успешно загружен
21:26:37 - INFO - load_extensions: 21 - --Модуль extensions.commands.utilits был успешно загружен
21:26:37 - INFO - load_extensions: 21 - --Модуль extensions.commands.family был успешно загружен
21:26:37 - INFO - load_extensions: 27 - Комманды были успешны загружены
21:26:37 - INFO - load_extensions: 29 - Начало загрузки ивентов
21:26:37 - INFO - load_extensions: 33 - --Модуль extensions.events.on_ready был успешно загружен
21:26:37 - INFO - load_extensions: 33 - --Модуль extensions.events.levels был успешно загружен
21:26:37 - INFO - load_extensions: 33 - --Модуль extensions.events.on_member_join был успешно загружен
21:26:37 - INFO - load_extensions: 33 - --Модуль extensions.events.on_guild_join был успешно загружен
21:26:37 - INFO - load_extensions: 33 - --Модуль extensions.events.private_voices был успешно загружен
21:26:37 - INFO - load_extensions: 33 - --Модуль extensions.events.on_guild_remove был успешно загружен
21:26:37 - INFO - load_extensions: 33 - --Модуль extensions.events.on_error был успешно загружен
21:26:37 - INFO - load_extensions: 33 - --Модуль extensions.events.on_member_remove был успешно загружен
21:26:37 - INFO - load_extensions: 39 - Ивенты были успешно загружены
21:26:37 - INFO - init_database: 25 - База данных подключена
21:26:37 - INFO - login: 861 - logging in using static token
21:26:39 - INFO - identify: 522 - Shard ID None has sent the IDENTIFY payload.
21:26:39 - INFO - received_message: 619 - Shard ID None has connected to Gateway: ["gateway-prd-us-east1-c-0nd6",{"micros":133911,"calls":["id_created",{"micros":1143,"calls":[]},"session_lookup_time",{"micros":877,"calls":[]},"session_lookup_finished",{"micros":12,"calls":[]},"discord-sessions-prd-2-242",{"micros":131396,"calls":["start_session",{"micros":83161,"calls":["discord-api-6c89db896f-z6rw7",{"micros":73368,"calls":["get_user",{"micros":12793},"get_guilds",{"micros":12146},"send_scheduled_deletion_message",{"micros":10},"guild_join_requests",{"micros":548},"authorized_ip_coro",{"micros":8}]}]},"starting_guild_connect",{"micros":55,"calls":[]},"presence_started",{"micros":16698,"calls":[]},"guilds_started",{"micros":2365,"calls":[]},"guilds_connect",{"micros":111,"calls":[]},"presence_connect",{"micros":28838,"calls":[]},"connect_finished",{"micros":28997,"calls":[]},"build_ready",{"micros":114,"calls":[]},"clean_ready",{"micros":1,"calls":[]},"optimize_ready",{"micros":1,"calls":[]},"split_ready",{"micros":1,"calls":[]}]}]}] (Session ID: fa0758e82161bb5a2cf09c3266c345c8, Resume URL: wss://gateway-us-east1-c.discord.gg).
21:26:43 - INFO - on_ready: 32 - Загрузка клиента
21:26:43 - INFO - on_ready: 74 - Бот был запущен
21:26:49 - INFO - load_locale: 43 - Начало загружки модуля локализации
21:26:49 - INFO - load_locale: 47 - --Модуль locale\commands\accounts был успешно загружен
21:26:49 - INFO - load_locale: 47 - --Модуль locale\commands\economy был успешно загружен
21:26:49 - INFO - load_locale: 47 - --Модуль locale\commands\family был успешно загружен
21:26:49 - INFO - load_locale: 47 - --Модуль locale\commands\gaiety был успешно загружен
21:26:49 - INFO - load_locale: 47 - --Модуль locale\commands\info был успешно загружен
21:26:49 - INFO - load_locale: 47 - --Модуль locale\commands\moderation был успешно загружен
21:26:49 - INFO - load_locale: 47 - --Модуль locale\commands\profile был успешно загружен
21:26:49 - INFO - load_locale: 47 - --Модуль locale\commands\rating был успешно загружен
21:26:49 - INFO - load_locale: 47 - --Модуль locale\commands\roleplay был успешно загружен
21:26:49 - INFO - load_locale: 47 - --Модуль locale\commands\server_settings был успешно загружен
21:26:49 - INFO - load_locale: 47 - --Модуль locale\commands\user был успешно загружен
21:26:49 - INFO - load_locale: 47 - --Модуль locale\commands\utilits был успешно загружен
21:26:49 - INFO - load_locale: 48 - Локализация для аргументов и названий команд загружена
21:26:49 - INFO - load_extensions: 17 - Начало загрузки команд
21:26:49 - INFO - load_extensions: 21 - --Модуль extensions.commands.rating был успешно загружен
21:26:49 - INFO - load_extensions: 21 - --Модуль extensions.commands.developer был успешно загружен
21:26:49 - INFO - load_extensions: 21 - --Модуль extensions.commands.gaiety был успешно загружен
21:26:49 - INFO - load_extensions: 21 - --Модуль extensions.commands.user был успешно загружен
21:26:49 - INFO - load_extensions: 21 - --Модуль extensions.commands.profile был успешно загружен
21:26:49 - INFO - load_extensions: 21 - --Модуль extensions.commands.roleplay был успешно загружен
21:26:49 - INFO - load_extensions: 21 - --Модуль extensions.commands.moderation был успешно загружен
21:26:49 - INFO - load_extensions: 21 - --Модуль extensions.commands.economy был успешно загружен
21:26:49 - INFO - load_extensions: 21 - --Модуль extensions.commands.info был успешно загружен
21:26:49 - INFO - load_extensions: 21 - --Модуль extensions.commands.family был успешно загружен
21:26:49 - INFO - load_extensions: 21 - --Модуль extensions.commands.utilits был успешно загружен
21:26:49 - INFO - load_extensions: 21 - --Модуль extensions.commands.accounts был успешно загружен
21:26:49 - INFO - load_extensions: 21 - --Модуль extensions.commands.server_settings был успешно загружен
21:26:49 - INFO - load_extensions: 27 - Комманды были успешны загружены
21:26:49 - INFO - load_extensions: 29 - Начало загрузки ивентов
21:26:49 - INFO - load_extensions: 33 - --Модуль extensions.events.on_ready был успешно загружен
21:26:49 - INFO - load_extensions: 33 - --Модуль extensions.events.on_guild_join был успешно загружен
21:26:49 - INFO - load_extensions: 33 - --Модуль extensions.events.private_voices был успешно загружен
21:26:49 - INFO - load_extensions: 33 - --Модуль extensions.events.on_error был успешно загружен
21:26:49 - INFO - load_extensions: 33 - --Модуль extensions.events.on_member_join был успешно загружен
21:26:49 - INFO - load_extensions: 33 - --Модуль extensions.events.on_member_remove был успешно загружен
21:26:49 - INFO - load_extensions: 33 - --Модуль extensions.events.levels был успешно загружен
21:26:49 - INFO - load_extensions: 33 - --Модуль extensions.events.on_guild_remove был успешно загружен
21:26:49 - INFO - load_extensions: 39 - Ивенты были успешно загружены
21:26:49 - INFO - init_database: 25 - База данных подключена
21:26:49 - INFO - login: 861 - logging in using static token
21:26:51 - INFO - identify: 522 - Shard ID None has sent the IDENTIFY payload.
21:26:51 - INFO - received_message: 619 - Shard ID None has connected to Gateway: ["gateway-prd-us-east1-c-xslf",{"micros":203870,"calls":["id_created",{"micros":1209,"calls":[]},"session_lookup_time",{"micros":3194,"calls":[]},"session_lookup_finished",{"micros":29,"calls":[]},"discord-sessions-prd-2-194",{"micros":198985,"calls":["start_session",{"micros":153852,"calls":["discord-api-6c89db896f-vgldw",{"micros":147173,"calls":["get_user",{"micros":27411},"get_guilds",{"micros":27601},"send_scheduled_deletion_message",{"micros":16},"guild_join_requests",{"micros":1},"authorized_ip_coro",{"micros":15}]}]},"starting_guild_connect",{"micros":82,"calls":[]},"presence_started",{"micros":314,"calls":[]},"guilds_started",{"micros":2772,"calls":[]},"guilds_connect",{"micros":71,"calls":[]},"presence_connect",{"micros":41785,"calls":[]},"connect_finished",{"micros":41865,"calls":[]},"build_ready",{"micros":97,"calls":[]},"clean_ready",{"micros":0,"calls":[]},"optimize_ready",{"micros":1,"calls":[]},"split_ready",{"micros":0,"calls":[]}]}]}] (Session ID: 045bdfaa1b37adb7ec910ff893fe7faa, Resume URL: wss://gateway-us-east1-c.discord.gg).
21:26:55 - INFO - on_ready: 32 - Загрузка клиента
21:26:55 - INFO - on_ready: 74 - Бот был запущен
21:28:37 - INFO - load_locale: 43 - Начало загружки модуля локализации
21:28:37 - INFO - load_locale: 47 - --Модуль locale\commands\accounts был успешно загружен
21:28:37 - INFO - load_locale: 47 - --Модуль locale\commands\economy был успешно загружен
21:28:37 - INFO - load_locale: 47 - --Модуль locale\commands\family был успешно загружен
21:28:37 - INFO - load_locale: 47 - --Модуль locale\commands\gaiety был успешно загружен
21:28:37 - INFO - load_locale: 47 - --Модуль locale\commands\info был успешно загружен
21:28:37 - INFO - load_locale: 47 - --Модуль locale\commands\moderation был успешно загружен
21:28:37 - INFO - load_locale: 47 - --Модуль locale\commands\profile был успешно загружен
21:28:37 - INFO - load_locale: 47 - --Модуль locale\commands\rating был успешно загружен
21:28:37 - INFO - load_locale: 47 - --Модуль locale\commands\roleplay был успешно загружен
21:28:37 - INFO - load_locale: 47 - --Модуль locale\commands\server_settings был успешно загружен
21:28:37 - INFO - load_locale: 47 - --Модуль locale\commands\user был успешно загружен
21:28:37 - INFO - load_locale: 47 - --Модуль locale\commands\utilits был успешно загружен
21:28:37 - INFO - load_locale: 48 - Локализация для аргументов и названий команд загружена
21:28:37 - INFO - load_extensions: 17 - Начало загрузки команд
21:28:37 - INFO - load_extensions: 21 - --Модуль extensions.commands.economy был успешно загружен
21:28:37 - INFO - load_extensions: 21 - --Модуль extensions.commands.roleplay был успешно загружен
21:28:37 - INFO - load_extensions: 21 - --Модуль extensions.commands.moderation был успешно загружен
21:28:37 - INFO - load_extensions: 21 - --Модуль extensions.commands.developer был успешно загружен
21:28:37 - INFO - load_extensions: 21 - --Модуль extensions.commands.rating был успешно загружен
21:28:37 - INFO - load_extensions: 21 - --Модуль extensions.commands.family был успешно загружен
21:28:37 - INFO - load_extensions: 21 - --Модуль extensions.commands.accounts был успешно загружен
21:28:37 - INFO - load_extensions: 21 - --Модуль extensions.commands.server_settings был успешно загружен
21:28:37 - INFO - load_extensions: 21 - --Модуль extensions.commands.utilits был успешно загружен
21:28:37 - INFO - load_extensions: 21 - --Модуль extensions.commands.info был успешно загружен
21:28:37 - INFO - load_extensions: 21 - --Модуль extensions.commands.gaiety был успешно загружен
21:28:37 - INFO - load_extensions: 21 - --Модуль extensions.commands.profile был успешно загружен
21:28:37 - INFO - load_extensions: 21 - --Модуль extensions.commands.user был успешно загружен
21:28:37 - INFO - load_extensions: 27 - Комманды были успешны загружены
21:28:37 - INFO - load_extensions: 29 - Начало загрузки ивентов
21:28:37 - INFO - load_extensions: 33 - --Модуль extensions.events.on_member_join был успешно загружен
21:28:37 - INFO - load_extensions: 33 - --Модуль extensions.events.on_error был успешно загружен
21:28:37 - INFO - load_extensions: 33 - --Модуль extensions.events.on_guild_remove был успешно загружен
21:28:37 - INFO - load_extensions: 33 - --Модуль extensions.events.levels был успешно загружен
21:28:38 - INFO - load_extensions: 33 - --Модуль extensions.events.private_voices был успешно загружен
21:28:38 - INFO - load_extensions: 33 - --Модуль extensions.events.on_member_remove был успешно загружен
21:28:38 - INFO - load_extensions: 33 - --Модуль extensions.events.on_ready был успешно загружен
21:28:38 - INFO - load_extensions: 33 - --Модуль extensions.events.on_guild_join был успешно загружен
21:28:38 - INFO - load_extensions: 39 - Ивенты были успешно загружены
21:28:38 - INFO - init_database: 25 - База данных подключена
21:28:38 - INFO - login: 861 - logging in using static token
21:28:39 - INFO - identify: 522 - Shard ID None has sent the IDENTIFY payload.
21:28:39 - INFO - received_message: 619 - Shard ID None has connected to Gateway: ["gateway-prd-us-east1-c-326c",{"micros":116923,"calls":["id_created",{"micros":1448,"calls":[]},"session_lookup_time",{"micros":2244,"calls":[]},"session_lookup_finished",{"micros":17,"calls":[]},"discord-sessions-prd-2-26",{"micros":112700,"calls":["start_session",{"micros":77890,"calls":["discord-api-6c89db896f-bfrfs",{"micros":72018,"calls":["get_user",{"micros":12240},"get_guilds",{"micros":12896},"send_scheduled_deletion_message",{"micros":13},"guild_join_requests",{"micros":322},"authorized_ip_coro",{"micros":14}]}]},"starting_guild_connect",{"micros":58,"calls":[]},"presence_started",{"micros":10096,"calls":[]},"guilds_started",{"micros":2496,"calls":[]},"guilds_connect",{"micros":95,"calls":[]},"presence_connect",{"micros":21894,"calls":[]},"connect_finished",{"micros":22002,"calls":[]},"build_ready",{"micros":150,"calls":[]},"clean_ready",{"micros":2,"calls":[]},"optimize_ready",{"micros":1,"calls":[]},"split_ready",{"micros":0,"calls":[]}]}]}] (Session ID: 8b41583a887d11c1acc04523f3f7526d, Resume URL: wss://gateway-us-east1-c.discord.gg).
21:28:43 - INFO - on_ready: 32 - Загрузка клиента
21:28:43 - INFO - on_ready: 74 - Бот был запущен
21:29:04 - INFO - load_locale: 43 - Начало загружки модуля локализации
21:29:04 - INFO - load_locale: 47 - --Модуль locale\commands\accounts был успешно загружен
21:29:04 - INFO - load_locale: 47 - --Модуль locale\commands\economy был успешно загружен
21:29:04 - INFO - load_locale: 47 - --Модуль locale\commands\family был успешно загружен
21:29:04 - INFO - load_locale: 47 - --Модуль locale\commands\gaiety был успешно загружен
21:29:04 - INFO - load_locale: 47 - --Модуль locale\commands\info был успешно загружен
21:29:04 - INFO - load_locale: 47 - --Модуль locale\commands\moderation был успешно загружен
21:29:04 - INFO - load_locale: 47 - --Модуль locale\commands\profile был успешно загружен
21:29:04 - INFO - load_locale: 47 - --Модуль locale\commands\rating был успешно загружен
21:29:04 - INFO - load_locale: 47 - --Модуль locale\commands\roleplay был успешно загружен
21:29:04 - INFO - load_locale: 47 - --Модуль locale\commands\server_settings был успешно загружен
21:29:04 - INFO - load_locale: 47 - --Модуль locale\commands\user был успешно загружен
21:29:04 - INFO - load_locale: 47 - --Модуль locale\commands\utilits был успешно загружен
21:29:04 - INFO - load_locale: 48 - Локализация для аргументов и названий команд загружена
21:29:04 - INFO - load_extensions: 17 - Начало загрузки команд
21:29:04 - INFO - load_extensions: 21 - --Модуль extensions.commands.server_settings был успешно загружен
21:29:04 - INFO - load_extensions: 21 - --Модуль extensions.commands.accounts был успешно загружен
21:29:04 - INFO - load_extensions: 21 - --Модуль extensions.commands.rating был успешно загружен
21:29:04 - INFO - load_extensions: 21 - --Модуль extensions.commands.family был успешно загружен
21:29:04 - INFO - load_extensions: 21 - --Модуль extensions.commands.user был успешно загружен
21:29:04 - INFO - load_extensions: 21 - --Модуль extensions.commands.moderation был успешно загружен
21:29:04 - INFO - load_extensions: 21 - --Модуль extensions.commands.profile был успешно загружен
21:29:04 - INFO - load_extensions: 21 - --Модуль extensions.commands.developer был успешно загружен
21:29:04 - INFO - load_extensions: 21 - --Модуль extensions.commands.info был успешно загружен
21:29:04 - INFO - load_extensions: 21 - --Модуль extensions.commands.utilits был успешно загружен
21:29:04 - INFO - load_extensions: 21 - --Модуль extensions.commands.gaiety был успешно загружен
21:29:04 - INFO - load_extensions: 21 - --Модуль extensions.commands.economy был успешно загружен
21:29:04 - INFO - load_extensions: 21 - --Модуль extensions.commands.roleplay был успешно загружен
21:29:04 - INFO - load_extensions: 27 - Комманды были успешны загружены
21:29:04 - INFO - load_extensions: 29 - Начало загрузки ивентов
21:29:04 - INFO - load_extensions: 33 - --Модуль extensions.events.private_voices был успешно загружен
21:29:04 - INFO - load_extensions: 33 - --Модуль extensions.events.on_ready был успешно загружен
21:29:04 - INFO - load_extensions: 33 - --Модуль extensions.events.levels был успешно загружен
21:29:04 - INFO - load_extensions: 33 - --Модуль extensions.events.on_member_join был успешно загружен
21:29:04 - INFO - load_extensions: 33 - --Модуль extensions.events.on_guild_join был успешно загружен
21:29:04 - INFO - load_extensions: 33 - --Модуль extensions.events.on_member_remove был успешно загружен
21:29:04 - INFO - load_extensions: 33 - --Модуль extensions.events.on_guild_remove был успешно загружен
21:29:04 - INFO - load_extensions: 33 - --Модуль extensions.events.on_error был успешно загружен
21:29:04 - INFO - load_extensions: 39 - Ивенты были успешно загружены
21:29:04 - INFO - init_database: 25 - База данных подключена
21:29:04 - INFO - login: 861 - logging in using static token
21:29:06 - INFO - identify: 522 - Shard ID None has sent the IDENTIFY payload.
21:29:06 - INFO - received_message: 619 - Shard ID None has connected to Gateway: ["gateway-prd-us-east1-b-np1m",{"micros":88979,"calls":["id_created",{"micros":1440,"calls":[]},"session_lookup_time",{"micros":509,"calls":[]},"session_lookup_finished",{"micros":16,"calls":[]},"discord-sessions-prd-2-277",{"micros":86446,"calls":["start_session",{"micros":57657,"calls":["discord-api-6c89db896f-dmrb5",{"micros":51258,"calls":["get_user",{"micros":10545},"get_guilds",{"micros":5563},"send_scheduled_deletion_message",{"micros":9},"guild_join_requests",{"micros":1},"authorized_ip_coro",{"micros":13}]}]},"starting_guild_connect",{"micros":60,"calls":[]},"presence_started",{"micros":3652,"calls":[]},"guilds_started",{"micros":1920,"calls":[]},"guilds_connect",{"micros":46,"calls":[]},"presence_connect",{"micros":22995,"calls":[]},"connect_finished",{"micros":23050,"calls":[]},"build_ready",{"micros":102,"calls":[]},"clean_ready",{"micros":0,"calls":[]},"optimize_ready",{"micros":1,"calls":[]},"split_ready",{"micros":0,"calls":[]}]}]}] (Session ID: ad87977b74da0a7d3c450487cd354d90, Resume URL: wss://gateway-us-east1-b.discord.gg).
21:29:10 - INFO - on_ready: 32 - Загрузка клиента
21:29:10 - INFO - on_ready: 74 - Бот был запущен
23:41:05 - INFO - load_locale: 43 - Начало загружки модуля локализации
23:41:05 - INFO - load_locale: 47 - --Модуль locale\commands\accounts был успешно загружен
23:41:05 - INFO - load_locale: 47 - --Модуль locale\commands\economy был успешно загружен
23:41:05 - INFO - load_locale: 47 - --Модуль locale\commands\family был успешно загружен
23:41:05 - INFO - load_locale: 47 - --Модуль locale\commands\gaiety был успешно загружен
23:41:05 - INFO - load_locale: 47 - --Модуль locale\commands\info был успешно загружен
23:41:05 - INFO - load_locale: 47 - --Модуль locale\commands\moderation был успешно загружен
23:41:05 - INFO - load_locale: 47 - --Модуль locale\commands\profile был успешно загружен
23:41:05 - INFO - load_locale: 47 - --Модуль locale\commands\rating был успешно загружен
23:41:05 - INFO - load_locale: 47 - --Модуль locale\commands\roleplay был успешно загружен
23:41:05 - INFO - load_locale: 47 - --Модуль locale\commands\server_settings был успешно загружен
23:41:05 - INFO - load_locale: 47 - --Модуль locale\commands\user был успешно загружен
23:41:05 - INFO - load_locale: 47 - --Модуль locale\commands\utilits был успешно загружен
23:41:05 - INFO - load_locale: 48 - Локализация для аргументов и названий команд загружена
23:41:05 - INFO - load_extensions: 17 - Начало загрузки команд
23:41:05 - INFO - load_extensions: 21 - --Модуль extensions.commands.accounts был успешно загружен
23:41:05 - INFO - load_extensions: 21 - --Модуль extensions.commands.profile был успешно загружен
23:41:05 - INFO - load_extensions: 21 - --Модуль extensions.commands.rating был успешно загружен
23:41:05 - INFO - load_extensions: 21 - --Модуль extensions.commands.moderation был успешно загружен
23:41:05 - INFO - load_extensions: 21 - --Модуль extensions.commands.economy был успешно загружен
23:41:05 - INFO - load_extensions: 21 - --Модуль extensions.commands.roleplay был успешно загружен
23:41:05 - INFO - load_extensions: 21 - --Модуль extensions.commands.gaiety был успешно загружен
23:41:05 - INFO - load_extensions: 21 - --Модуль extensions.commands.family был успешно загружен
23:41:05 - INFO - load_extensions: 21 - --Модуль extensions.commands.developer был успешно загружен
23:41:05 - INFO - load_extensions: 21 - --Модуль extensions.commands.server_settings был успешно загружен
23:41:05 - INFO - load_extensions: 21 - --Модуль extensions.commands.info был успешно загружен
23:41:05 - INFO - load_extensions: 21 - --Модуль extensions.commands.utilits был успешно загружен
23:41:05 - INFO - load_extensions: 21 - --Модуль extensions.commands.user был успешно загружен
23:41:05 - INFO - load_extensions: 27 - Комманды были успешны загружены
23:41:05 - INFO - load_extensions: 29 - Начало загрузки ивентов
23:41:05 - INFO - load_extensions: 33 - --Модуль extensions.events.on_ready был успешно загружен
23:41:05 - INFO - load_extensions: 33 - --Модуль extensions.events.private_voices был успешно загружен
23:41:05 - INFO - load_extensions: 33 - --Модуль extensions.events.on_error был успешно загружен
23:41:05 - INFO - load_extensions: 33 - --Модуль extensions.events.on_guild_remove был успешно загружен
23:41:05 - INFO - load_extensions: 33 - --Модуль extensions.events.on_guild_join был успешно загружен
23:41:05 - INFO - load_extensions: 33 - --Модуль extensions.events.levels был успешно загружен
23:41:05 - INFO - load_extensions: 39 - Ивенты были успешно загружены
23:41:05 - INFO - init_database: 25 - База данных подключена
23:41:05 - INFO - login: 861 - logging in using static token
23:41:07 - INFO - identify: 522 - Shard ID None has sent the IDENTIFY payload.
23:41:07 - INFO - received_message: 619 - Shard ID None has connected to Gateway: ["gateway-prd-us-east1-d-10rz",{"micros":93565,"calls":["id_created",{"micros":671,"calls":[]},"session_lookup_time",{"micros":465,"calls":[]},"session_lookup_finished",{"micros":15,"calls":[]},"discord-sessions-prd-2-129",{"micros":91284,"calls":["start_session",{"micros":66746,"calls":["discord-api-6c89db896f-jddng",{"micros":59578,"calls":["get_user",{"micros":7501},"get_guilds",{"micros":7200},"send_scheduled_deletion_message",{"micros":10},"guild_join_requests",{"micros":787},"authorized_ip_coro",{"micros":10}]}]},"starting_guild_connect",{"micros":72,"calls":[]},"presence_started",{"micros":3007,"calls":[]},"guilds_started",{"micros":156,"calls":[]},"guilds_connect",{"micros":1,"calls":[]},"presence_connect",{"micros":21273,"calls":[]},"connect_finished",{"micros":21279,"calls":[]},"build_ready",{"micros":20,"calls":[]},"clean_ready",{"micros":0,"calls":[]},"optimize_ready",{"micros":1,"calls":[]},"split_ready",{"micros":0,"calls":[]}]}]}] (Session ID: 2be22cad50c00a69acbb8704951a804f, Resume URL: wss://gateway-us-east1-d.discord.gg).
23:41:09 - INFO - on_ready: 32 - Загрузка клиента
23:41:09 - INFO - on_ready: 74 - Бот был запущен
23:50:24 - INFO - load_locale: 43 - Начало загружки модуля локализации
23:50:24 - INFO - load_locale: 47 - --Модуль locale\commands\accounts был успешно загружен
23:50:24 - INFO - load_locale: 47 - --Модуль locale\commands\economy был успешно загружен
23:50:24 - INFO - load_locale: 47 - --Модуль locale\commands\family был успешно загружен
23:50:24 - INFO - load_locale: 47 - --Модуль locale\commands\gaiety был успешно загружен
23:50:24 - INFO - load_locale: 47 - --Модуль locale\commands\info был успешно загружен
23:50:24 - INFO - load_locale: 47 - --Модуль locale\commands\moderation был успешно загружен
23:50:24 - INFO - load_locale: 47 - --Модуль locale\commands\profile был успешно загружен
23:50:24 - INFO - load_locale: 47 - --Модуль locale\commands\rating был успешно загружен
23:50:24 - INFO - load_locale: 47 - --Модуль locale\commands\roleplay был успешно загружен
23:50:24 - INFO - load_locale: 47 - --Модуль locale\commands\server_settings был успешно загружен
23:50:24 - INFO - load_locale: 47 - --Модуль locale\commands\user был успешно загружен
23:50:24 - INFO - load_locale: 47 - --Модуль locale\commands\utilits был успешно загружен
23:50:24 - INFO - load_locale: 48 - Локализация для аргументов и названий команд загружена
23:50:24 - INFO - load_extensions: 17 - Начало загрузки команд
23:50:24 - INFO - load_extensions: 21 - --Модуль extensions.commands.moderation был успешно загружен
23:50:24 - INFO - load_extensions: 21 - --Модуль extensions.commands.economy был успешно загружен
23:50:24 - INFO - load_extensions: 21 - --Модуль extensions.commands.server_settings был успешно загружен
23:50:24 - INFO - load_extensions: 21 - --Модуль extensions.commands.user был успешно загружен
23:50:24 - INFO - load_extensions: 21 - --Модуль extensions.commands.utilits был успешно загружен
23:50:24 - INFO - load_extensions: 21 - --Модуль extensions.commands.developer был успешно загружен
23:50:24 - INFO - load_extensions: 21 - --Модуль extensions.commands.rating был успешно загружен
23:50:24 - INFO - load_extensions: 21 - --Модуль extensions.commands.roleplay был успешно загружен
23:50:24 - INFO - load_extensions: 21 - --Модуль extensions.commands.gaiety был успешно загружен
23:50:24 - INFO - load_extensions: 21 - --Модуль extensions.commands.info был успешно загружен
23:50:24 - INFO - load_extensions: 21 - --Модуль extensions.commands.family был успешно загружен
23:50:24 - INFO - load_extensions: 21 - --Модуль extensions.commands.profile был успешно загружен
23:50:24 - INFO - load_extensions: 21 - --Модуль extensions.commands.accounts был успешно загружен
23:50:24 - INFO - load_extensions: 27 - Комманды были успешны загружены
23:50:24 - INFO - load_extensions: 29 - Начало загрузки ивентов
23:50:24 - INFO - load_extensions: 33 - --Модуль extensions.events.on_guild_remove был успешно загружен
23:50:24 - INFO - load_extensions: 33 - --Модуль extensions.events.private_voices был успешно загружен
23:50:24 - INFO - load_extensions: 33 - --Модуль extensions.events.on_ready был успешно загружен
23:50:24 - INFO - load_extensions: 33 - --Модуль extensions.events.on_guild_join был успешно загружен
23:50:24 - INFO - load_extensions: 33 - --Модуль extensions.events.levels был успешно загружен
23:50:24 - INFO - load_extensions: 33 - --Модуль extensions.events.on_error был успешно загружен
23:50:24 - INFO - load_extensions: 39 - Ивенты были успешно загружены
23:50:55 - INFO - load_locale: 43 - Начало загружки модуля локализации
23:50:55 - INFO - load_locale: 47 - --Модуль locale\commands\accounts был успешно загружен
23:50:55 - INFO - load_locale: 47 - --Модуль locale\commands\economy был успешно загружен
23:50:55 - INFO - load_locale: 47 - --Модуль locale\commands\family был успешно загружен
23:50:55 - INFO - load_locale: 47 - --Модуль locale\commands\gaiety был успешно загружен
23:50:55 - INFO - load_locale: 47 - --Модуль locale\commands\info был успешно загружен
23:50:55 - INFO - load_locale: 47 - --Модуль locale\commands\moderation был успешно загружен
23:50:55 - INFO - load_locale: 47 - --Модуль locale\commands\profile был успешно загружен
23:50:55 - INFO - load_locale: 47 - --Модуль locale\commands\rating был успешно загружен
23:50:55 - INFO - load_locale: 47 - --Модуль locale\commands\roleplay был успешно загружен
23:50:55 - INFO - load_locale: 47 - --Модуль locale\commands\server_settings был успешно загружен
23:50:55 - INFO - load_locale: 47 - --Модуль locale\commands\user был успешно загружен
23:50:55 - INFO - load_locale: 47 - --Модуль locale\commands\utilits был успешно загружен
23:50:55 - INFO - load_locale: 48 - Локализация для аргументов и названий команд загружена
23:50:55 - INFO - load_extensions: 17 - Начало загрузки команд
23:50:55 - INFO - load_extensions: 21 - --Модуль extensions.commands.rating был успешно загружен
23:50:55 - INFO - load_extensions: 21 - --Модуль extensions.commands.accounts был успешно загружен
23:50:55 - INFO - load_extensions: 21 - --Модуль extensions.commands.gaiety был успешно загружен
23:50:55 - INFO - load_extensions: 21 - --Модуль extensions.commands.profile был успешно загружен
23:50:55 - INFO - load_extensions: 21 - --Модуль extensions.commands.server_settings был успешно загружен
23:50:55 - INFO - load_extensions: 21 - --Модуль extensions.commands.utilits был успешно загружен
23:50:55 - INFO - load_extensions: 21 - --Модуль extensions.commands.moderation был успешно загружен
23:50:55 - INFO - load_extensions: 21 - --Модуль extensions.commands.family был успешно загружен
23:50:55 - INFO - load_extensions: 21 - --Модуль extensions.commands.roleplay был успешно загружен
23:50:55 - INFO - load_extensions: 21 - --Модуль extensions.commands.info был успешно загружен
23:50:55 - INFO - load_extensions: 21 - --Модуль extensions.commands.developer был успешно загружен
23:50:55 - INFO - load_extensions: 21 - --Модуль extensions.commands.economy был успешно загружен
23:50:55 - INFO - load_extensions: 21 - --Модуль extensions.commands.user был успешно загружен
23:50:55 - INFO - load_extensions: 27 - Комманды были успешны загружены
23:50:55 - INFO - load_extensions: 29 - Начало загрузки ивентов
23:50:55 - INFO - load_extensions: 33 - --Модуль extensions.events.on_ready был успешно загружен
23:50:55 - INFO - load_extensions: 33 - --Модуль extensions.events.on_guild_remove был успешно загружен
23:50:55 - INFO - load_extensions: 33 - --Модуль extensions.events.on_guild_join был успешно загружен
23:50:55 - INFO - load_extensions: 33 - --Модуль extensions.events.levels был успешно загружен
23:50:55 - INFO - load_extensions: 33 - --Модуль extensions.events.on_error был успешно загружен
23:50:55 - INFO - load_extensions: 33 - --Модуль extensions.events.private_voices был успешно загружен
23:50:55 - INFO - load_extensions: 39 - Ивенты были успешно загружены
23:50:55 - INFO - init_database: 25 - База данных подключена
23:50:55 - INFO - login: 861 - logging in using static token
23:50:56 - INFO - identify: 522 - Shard ID None has sent the IDENTIFY payload.
23:50:57 - INFO - received_message: 619 - Shard ID None has connected to Gateway: ["gateway-prd-us-east1-c-7j1v",{"micros":79569,"calls":["id_created",{"micros":686,"calls":[]},"session_lookup_time",{"micros":1464,"calls":[]},"session_lookup_finished",{"micros":15,"calls":[]},"discord-sessions-prd-2-158",{"micros":76182,"calls":["start_session",{"micros":63331,"calls":["discord-api-6c89db896f-stdkk",{"micros":57773,"calls":["get_user",{"micros":8569},"get_guilds",{"micros":5799},"send_scheduled_deletion_message",{"micros":11},"guild_join_requests",{"micros":2},"authorized_ip_coro",{"micros":9}]}]},"starting_guild_connect",{"micros":63,"calls":[]},"presence_started",{"micros":306,"calls":[]},"guilds_started",{"micros":169,"calls":[]},"guilds_connect",{"micros":2,"calls":[]},"presence_connect",{"micros":12283,"calls":[]},"connect_finished",{"micros":12287,"calls":[]},"build_ready",{"micros":21,"calls":[]},"clean_ready",{"micros":1,"calls":[]},"optimize_ready",{"micros":1,"calls":[]},"split_ready",{"micros":1,"calls":[]}]}]}] (Session ID: b008fa5f36967c6e747d94a5f952570c, Resume URL: wss://gateway-us-east1-c.discord.gg).
23:50:59 - INFO - on_ready: 32 - Загрузка клиента
23:50:59 - INFO - on_ready: 74 - Бот был запущен
00:12:57 - INFO - load_locale: 43 - Начало загружки модуля локализации
00:12:57 - INFO - load_locale: 47 - --Модуль locale\commands\accounts был успешно загружен
00:12:57 - INFO - load_locale: 47 - --Модуль locale\commands\economy был успешно загружен
00:12:57 - INFO - load_locale: 47 - --Модуль locale\commands\family был успешно загружен
00:12:57 - INFO - load_locale: 47 - --Модуль locale\commands\gaiety был успешно загружен
00:12:57 - INFO - load_locale: 47 - --Модуль locale\commands\info был успешно загружен
00:12:57 - INFO - load_locale: 47 - --Модуль locale\commands\moderation был успешно загружен
00:12:57 - INFO - load_locale: 47 - --Модуль locale\commands\profile был успешно загружен
00:12:57 - INFO - load_locale: 47 - --Модуль locale\commands\rating был успешно загружен
00:12:57 - INFO - load_locale: 47 - --Модуль locale\commands\roleplay был успешно загружен
00:12:57 - INFO - load_locale: 47 - --Модуль locale\commands\server_settings был успешно загружен
00:12:57 - INFO - load_locale: 47 - --Модуль locale\commands\user был успешно загружен
00:12:57 - INFO - load_locale: 47 - --Модуль locale\commands\utilits был успешно загружен
00:12:57 - INFO - load_locale: 48 - Локализация для аргументов и названий команд загружена
00:12:57 - INFO - load_extensions: 17 - Начало загрузки команд
00:12:57 - INFO - load_extensions: 21 - --Модуль extensions.commands.info был успешно загружен
00:12:57 - INFO - load_extensions: 21 - --Модуль extensions.commands.economy был успешно загружен
00:12:57 - INFO - load_extensions: 21 - --Модуль extensions.commands.gaiety был успешно загружен
00:12:57 - INFO - load_extensions: 21 - --Модуль extensions.commands.accounts был успешно загружен
00:12:57 - INFO - load_extensions: 21 - --Модуль extensions.commands.roleplay был успешно загружен
00:12:57 - INFO - load_extensions: 21 - --Модуль extensions.commands.profile был успешно загружен
00:12:57 - INFO - load_extensions: 21 - --Модуль extensions.commands.developer был успешно загружен
00:12:57 - INFO - load_extensions: 21 - --Модуль extensions.commands.moderation был успешно загружен
00:12:57 - INFO - load_extensions: 21 - --Модуль extensions.commands.user был успешно загружен
00:12:57 - INFO - load_extensions: 21 - --Модуль extensions.commands.rating был успешно загружен
00:12:57 - INFO - load_extensions: 21 - --Модуль extensions.commands.server_settings был успешно загружен
00:12:57 - INFO - load_extensions: 21 - --Модуль extensions.commands.utilits был успешно загружен
00:12:57 - INFO - load_extensions: 21 - --Модуль extensions.commands.family был успешно загружен
00:12:57 - INFO - load_extensions: 27 - Комманды были успешны загружены
00:12:57 - INFO - load_extensions: 29 - Начало загрузки ивентов
00:12:57 - INFO - load_extensions: 33 - --Модуль extensions.events.levels был успешно загружен
00:12:57 - INFO - load_extensions: 33 - --Модуль extensions.events.private_voices был успешно загружен
00:12:57 - INFO - load_extensions: 33 - --Модуль extensions.events.on_error был успешно загружен
00:12:57 - INFO - load_extensions: 33 - --Модуль extensions.events.on_guild_join был успешно загружен
00:12:57 - INFO - load_extensions: 33 - --Модуль extensions.events.on_ready был успешно загружен
00:12:57 - INFO - load_extensions: 33 - --Модуль extensions.events.on_guild_remove был успешно загружен
00:12:57 - INFO - load_extensions: 39 - Ивенты были успешно загружены
00:12:57 - INFO - init_database: 25 - База данных подключена
00:12:57 - INFO - login: 861 - logging in using static token
00:12:58 - INFO - identify: 522 - Shard ID None has sent the IDENTIFY payload.
00:12:59 - INFO - received_message: 619 - Shard ID None has connected to Gateway: ["gateway-prd-us-east1-b-4rl0",{"micros":175844,"calls":["id_created",{"micros":1219,"calls":[]},"session_lookup_time",{"micros":1491,"calls":[]},"session_lookup_finished",{"micros":13,"calls":[]},"discord-sessions-prd-2-112",{"micros":172562,"calls":["start_session",{"micros":158084,"calls":["discord-api-6c89db896f-ljktk",{"micros":146920,"calls":["get_user",{"micros":22032},"get_guilds",{"micros":14592},"send_scheduled_deletion_message",{"micros":10},"guild_join_requests",{"micros":234},"authorized_ip_coro",{"micros":13}]}]},"starting_guild_connect",{"micros":67,"calls":[]},"presence_started",{"micros":13826,"calls":[]},"guilds_started",{"micros":141,"calls":[]},"guilds_connect",{"micros":2,"calls":[]},"presence_connect",{"micros":409,"calls":[]},"connect_finished",{"micros":414,"calls":[]},"build_ready",{"micros":26,"calls":[]},"clean_ready",{"micros":1,"calls":[]},"optimize_ready",{"micros":1,"calls":[]},"split_ready",{"micros":1,"calls":[]}]}]}] (Session ID: a281183ca2e0dd97dfcfc21c41ac9c2f, Resume URL: wss://gateway-us-east1-b.discord.gg).
00:13:01 - INFO - on_ready: 32 - Загрузка клиента
00:13:01 - INFO - on_ready: 74 - Бот был запущен
00:29:11 - INFO - load_locale: 43 - Начало загружки модуля локализации
00:29:11 - INFO - load_locale: 47 - --Модуль locale\commands\accounts был успешно загружен
00:29:11 - INFO - load_locale: 47 - --Модуль locale\commands\economy был успешно загружен
00:29:11 - INFO - load_locale: 47 - --Модуль locale\commands\family был успешно загружен
00:29:11 - INFO - load_locale: 47 - --Модуль locale\commands\gaiety был успешно загружен
00:29:11 - INFO - load_locale: 47 - --Модуль locale\commands\info был успешно загружен
00:29:11 - INFO - load_locale: 47 - --Модуль locale\commands\moderation был успешно загружен
00:29:11 - INFO - load_locale: 47 - --Модуль locale\commands\profile был успешно загружен
00:29:11 - INFO - load_locale: 47 - --Модуль locale\commands\rating был успешно загружен
00:29:11 - INFO - load_locale: 47 - --Модуль locale\commands\roleplay был успешно загружен
00:29:11 - INFO - load_locale: 47 - --Модуль locale\commands\server_settings был успешно загружен
00:29:11 - INFO - load_locale: 47 - --Модуль locale\commands\user был успешно загружен
00:29:11 - INFO - load_locale: 47 - --Модуль locale\commands\utilits был успешно загружен
00:29:11 - INFO - load_locale: 48 - Локализация для аргументов и названий команд загружена
00:29:11 - INFO - load_extensions: 17 - Начало загрузки команд
00:29:11 - INFO - load_extensions: 21 - --Модуль extensions.commands.info был успешно загружен
00:29:11 - INFO - load_extensions: 21 - --Модуль extensions.commands.gaiety был успешно загружен
00:29:11 - INFO - load_extensions: 21 - --Модуль extensions.commands.economy был успешно загружен
00:29:12 - INFO - load_extensions: 21 - --Модуль extensions.commands.family был успешно загружен
00:29:12 - INFO - load_extensions: 21 - --Модуль extensions.commands.rating был успешно загружен
00:29:12 - INFO - load_extensions: 21 - --Модуль extensions.commands.server_settings был успешно загружен
00:29:12 - INFO - load_extensions: 21 - --Модуль extensions.commands.profile был успешно загружен
00:29:12 - INFO - load_extensions: 21 - --Модуль extensions.commands.utilits был успешно загружен
00:29:12 - INFO - load_extensions: 21 - --Модуль extensions.commands.roleplay был успешно загружен
00:29:12 - INFO - load_extensions: 21 - --Модуль extensions.commands.user был успешно загружен
00:29:12 - INFO - load_extensions: 21 - --Модуль extensions.commands.developer был успешно загружен
00:29:12 - INFO - load_extensions: 21 - --Модуль extensions.commands.accounts был успешно загружен
00:29:12 - INFO - load_extensions: 21 - --Модуль extensions.commands.moderation был успешно загружен
00:29:12 - INFO - load_extensions: 27 - Комманды были успешны загружены
00:29:12 - INFO - load_extensions: 29 - Начало загрузки ивентов
00:29:12 - INFO - load_extensions: 33 - --Модуль extensions.events.on_error был успешно загружен
00:29:12 - INFO - load_extensions: 33 - --Модуль extensions.events.on_guild_remove был успешно загружен
00:29:12 - INFO - load_extensions: 33 - --Модуль extensions.events.on_ready был успешно загружен
00:29:12 - INFO - load_extensions: 33 - --Модуль extensions.events.on_guild_join был успешно загружен
00:29:12 - INFO - load_extensions: 33 - --Модуль extensions.events.levels был успешно загружен
00:29:12 - INFO - load_extensions: 33 - --Модуль extensions.events.private_voices был успешно загружен
00:29:12 - INFO - load_extensions: 39 - Ивенты были успешно загружены
00:29:13 - INFO - init_database: 25 - База данных подключена
00:29:13 - INFO - login: 861 - logging in using static token
00:29:14 - INFO - identify: 522 - Shard ID 0 has sent the IDENTIFY payload.
00:29:15 - INFO - received_message: 619 - Shard ID 0 has connected to Gateway: ["gateway-prd-us-east1-b-lz5w",{"micros":97548,"calls":["id_created",{"micros":1209,"calls":[]},"session_lookup_time",{"micros":3398,"calls":[]},"session_lookup_finished",{"micros":16,"calls":[]},"discord-sessions-prd-2-274",{"micros":91207,"calls":["start_session",{"micros":70983,"calls":["discord-api-6c89db896f-wkf6h",{"micros":65529,"calls":["get_user",{"micros":19312},"get_guilds",{"micros":6802},"send_scheduled_deletion_message",{"micros":15},"guild_join_requests",{"micros":387},"authorized_ip_coro",{"micros":17}]}]},"starting_guild_connect",{"micros":89,"calls":[]},"presence_started",{"micros":10514,"calls":[]},"guilds_started",{"micros":175,"calls":[]},"guilds_connect",{"micros":2,"calls":[]},"presence_connect",{"micros":9407,"calls":[]},"connect_finished",{"micros":9413,"calls":[]},"build_ready",{"micros":28,"calls":[]},"clean_ready",{"micros":1,"calls":[]},"optimize_ready",{"micros":1,"calls":[]},"split_ready",{"micros":1,"calls":[]}]}]}] (Session ID: 6d2684165e2d4425b53707ebe72e35e8, Resume URL: wss://gateway-us-east1-b.discord.gg).
00:29:17 - INFO - on_ready: 32 - Загрузка клиента
00:29:17 - INFO - on_ready: 74 - Бот был запущен
00:34:05 - INFO - load_locale: 43 - Начало загружки модуля локализации
00:34:05 - INFO - load_locale: 47 - --Модуль locale\commands\accounts был успешно загружен
00:34:05 - INFO - load_locale: 47 - --Модуль locale\commands\economy был успешно загружен
00:34:05 - INFO - load_locale: 47 - --Модуль locale\commands\family был успешно загружен
00:34:05 - INFO - load_locale: 47 - --Модуль locale\commands\gaiety был успешно загружен
00:34:05 - INFO - load_locale: 47 - --Модуль locale\commands\info был успешно загружен
00:34:05 - INFO - load_locale: 47 - --Модуль locale\commands\moderation был успешно загружен
00:34:05 - INFO - load_locale: 47 - --Модуль locale\commands\profile был успешно загружен
00:34:05 - INFO - load_locale: 47 - --Модуль locale\commands\rating был успешно загружен
00:34:05 - INFO - load_locale: 47 - --Модуль locale\commands\roleplay был успешно загружен
00:34:05 - INFO - load_locale: 47 - --Модуль locale\commands\server_settings был успешно загружен
00:34:05 - INFO - load_locale: 47 - --Модуль locale\commands\user был успешно загружен
00:34:05 - INFO - load_locale: 47 - --Модуль locale\commands\utilits был успешно загружен
00:34:05 - INFO - load_locale: 48 - Локализация для аргументов и названий команд загружена
00:34:05 - INFO - load_extensions: 17 - Начало загрузки команд
00:34:05 - INFO - load_extensions: 21 - --Модуль extensions.commands.rating был успешно загружен
00:34:05 - INFO - load_extensions: 21 - --Модуль extensions.commands.user был успешно загружен
00:34:05 - INFO - load_extensions: 21 - --Модуль extensions.commands.server_settings был успешно загружен
00:34:05 - INFO - load_extensions: 21 - --Модуль extensions.commands.roleplay был успешно загружен
00:34:05 - INFO - load_extensions: 21 - --Модуль extensions.commands.family был успешно загружен
00:34:05 - INFO - load_extensions: 21 - --Модуль extensions.commands.developer был успешно загружен
00:34:05 - INFO - load_extensions: 21 - --Модуль extensions.commands.economy был успешно загружен
00:34:05 - INFO - load_extensions: 21 - --Модуль extensions.commands.moderation был успешно загружен
00:34:05 - INFO - load_extensions: 21 - --Модуль extensions.commands.gaiety был успешно загружен
00:34:06 - INFO - load_extensions: 21 - --Модуль extensions.commands.utilits был успешно загружен
00:34:06 - INFO - load_extensions: 21 - --Модуль extensions.commands.info был успешно загружен
00:34:06 - INFO - load_extensions: 21 - --Модуль extensions.commands.profile был успешно загружен
00:34:06 - INFO - load_extensions: 21 - --Модуль extensions.commands.accounts был успешно загружен
00:34:06 - INFO - load_extensions: 27 - Комманды были успешны загружены
00:34:06 - INFO - load_extensions: 29 - Начало загрузки ивентов
00:34:06 - INFO - load_extensions: 33 - --Модуль extensions.events.on_guild_join был успешно загружен
00:34:06 - INFO - load_extensions: 33 - --Модуль extensions.events.levels был успешно загружен
00:34:06 - INFO - load_extensions: 33 - --Модуль extensions.events.on_ready был успешно загружен
00:34:06 - INFO - load_extensions: 33 - --Модуль extensions.events.on_guild_remove был успешно загружен
00:34:06 - INFO - load_extensions: 33 - --Модуль extensions.events.private_voices был успешно загружен
00:34:06 - INFO - load_extensions: 33 - --Модуль extensions.events.on_error был успешно загружен
00:34:06 - INFO - load_extensions: 39 - Ивенты были успешно загружены
00:34:06 - INFO - init_database: 25 - База данных подключена
00:34:06 - INFO - login: 861 - logging in using static token
00:34:07 - INFO - identify: 522 - Shard ID 0 has sent the IDENTIFY payload.
00:34:08 - INFO - received_message: 619 - Shard ID 0 has connected to Gateway: ["gateway-prd-us-east1-c-f13k",{"micros":132296,"calls":["id_created",{"micros":1270,"calls":[]},"session_lookup_time",{"micros":441,"calls":[]},"session_lookup_finished",{"micros":21,"calls":[]},"discord-sessions-prd-2-230",{"micros":129929,"calls":["start_session",{"micros":102757,"calls":["discord-api-6c89db896f-wnfbh",{"micros":91343,"calls":["get_user",{"micros":10841},"get_guilds",{"micros":11713},"send_scheduled_deletion_message",{"micros":13},"guild_join_requests",{"micros":260},"authorized_ip_coro",{"micros":11}]}]},"starting_guild_connect",{"micros":66,"calls":[]},"presence_started",{"micros":8982,"calls":[]},"guilds_started",{"micros":181,"calls":[]},"guilds_connect",{"micros":2,"calls":[]},"presence_connect",{"micros":17909,"calls":[]},"connect_finished",{"micros":17916,"calls":[]},"build_ready",{"micros":24,"calls":[]},"clean_ready",{"micros":1,"calls":[]},"optimize_ready",{"micros":0,"calls":[]},"split_ready",{"micros":1,"calls":[]}]}]}] (Session ID: eccdb982a24e50e588515c026fb054c5, Resume URL: wss://gateway-us-east1-c.discord.gg).
00:34:10 - INFO - on_ready: 32 - Загрузка клиента
00:34:10 - INFO - on_ready: 74 - Бот был запущен
00:38:42 - INFO - load_locale: 43 - Начало загружки модуля локализации
00:38:42 - INFO - load_locale: 47 - --Модуль locale\commands\accounts был успешно загружен
00:38:42 - INFO - load_locale: 47 - --Модуль locale\commands\economy был успешно загружен
00:38:42 - INFO - load_locale: 47 - --Модуль locale\commands\family был успешно загружен
00:38:42 - INFO - load_locale: 47 - --Модуль locale\commands\gaiety был успешно загружен
00:38:42 - INFO - load_locale: 47 - --Модуль locale\commands\info был успешно загружен
00:38:42 - INFO - load_locale: 47 - --Модуль locale\commands\moderation был успешно загружен
00:38:42 - INFO - load_locale: 47 - --Модуль locale\commands\profile был успешно загружен
00:38:42 - INFO - load_locale: 47 - --Модуль locale\commands\rating был успешно загружен
00:38:42 - INFO - load_locale: 47 - --Модуль locale\commands\roleplay был успешно загружен
00:38:42 - INFO - load_locale: 47 - --Модуль locale\commands\server_settings был успешно загружен
00:38:42 - INFO - load_locale: 47 - --Модуль locale\commands\user был успешно загружен
00:38:42 - INFO - load_locale: 47 - --Модуль locale\commands\utilits был успешно загружен
00:38:42 - INFO - load_locale: 48 - Локализация для аргументов и названий команд загружена
00:38:42 - INFO - load_extensions: 17 - Начало загрузки команд
00:38:42 - INFO - load_extensions: 21 - --Модуль extensions.commands.developer был успешно загружен
00:38:42 - INFO - load_extensions: 21 - --Модуль extensions.commands.rating был успешно загружен
00:38:42 - INFO - load_extensions: 21 - --Модуль extensions.commands.utilits был успешно загружен
00:38:42 - INFO - load_extensions: 21 - --Модуль extensions.commands.profile был успешно загружен
00:38:42 - INFO - load_extensions: 21 - --Модуль extensions.commands.economy был успешно загружен
00:38:42 - INFO - load_extensions: 21 - --Модуль extensions.commands.gaiety был успешно загружен
00:38:42 - INFO - load_extensions: 21 - --Модуль extensions.commands.server_settings был успешно загружен
00:38:42 - INFO - load_extensions: 21 - --Модуль extensions.commands.info был успешно загружен
00:38:42 - INFO - load_extensions: 21 - --Модуль extensions.commands.accounts был успешно загружен
00:38:42 - INFO - load_extensions: 21 - --Модуль extensions.commands.family был успешно загружен
00:38:42 - INFO - load_extensions: 21 - --Модуль extensions.commands.moderation был успешно загружен
00:38:42 - INFO - load_extensions: 21 - --Модуль extensions.commands.roleplay был успешно загружен
00:38:42 - INFO - load_extensions: 21 - --Модуль extensions.commands.user был успешно загружен
00:38:42 - INFO - load_extensions: 27 - Комманды были успешны загружены
00:38:42 - INFO - load_extensions: 29 - Начало загрузки ивентов
00:38:42 - INFO - load_extensions: 33 - --Модуль extensions.events.levels был успешно загружен
00:38:42 - INFO - load_extensions: 33 - --Модуль extensions.events.on_ready был успешно загружен
00:38:42 - INFO - load_extensions: 33 - --Модуль extensions.events.on_guild_join был успешно загружен
00:38:42 - INFO - load_extensions: 33 - --Модуль extensions.events.private_voices был успешно загружен
00:38:42 - INFO - load_extensions: 33 - --Модуль extensions.events.on_guild_remove был успешно загружен
00:38:42 - INFO - load_extensions: 33 - --Модуль extensions.events.on_error был успешно загружен
00:38:42 - INFO - load_extensions: 39 - Ивенты были успешно загружены
00:38:42 - INFO - init_database: 25 - База данных подключена
00:38:42 - INFO - login: 861 - logging in using static token
00:38:44 - INFO - identify: 522 - Shard ID 0 has sent the IDENTIFY payload.
00:38:44 - INFO - received_message: 619 - Shard ID 0 has connected to Gateway: ["gateway-prd-us-east1-c-vg5x",{"micros":92390,"calls":["id_created",{"micros":1274,"calls":[]},"session_lookup_time",{"micros":476,"calls":[]},"session_lookup_finished",{"micros":22,"calls":[]},"discord-sessions-prd-2-146",{"micros":89474,"calls":["start_session",{"micros":78084,"calls":["discord-api-6c89db896f-7p2tj",{"micros":73507,"calls":["get_user",{"micros":7812},"get_guilds",{"micros":8144},"send_scheduled_deletion_message",{"micros":10},"guild_join_requests",{"micros":3752},"authorized_ip_coro",{"micros":12}]}]},"starting_guild_connect",{"micros":93,"calls":[]},"presence_started",{"micros":321,"calls":[]},"guilds_started",{"micros":202,"calls":[]},"guilds_connect",{"micros":1,"calls":[]},"presence_connect",{"micros":10739,"calls":[]},"connect_finished",{"micros":10745,"calls":[]},"build_ready",{"micros":26,"calls":[]},"clean_ready",{"micros":0,"calls":[]},"optimize_ready",{"micros":1,"calls":[]},"split_ready",{"micros":0,"calls":[]}]}]}] (Session ID: 861b38807b91e11686935882fe000077, Resume URL: wss://gateway-us-east1-c.discord.gg).
00:38:46 - INFO - on_ready: 32 - Загрузка клиента
00:38:46 - INFO - on_ready: 74 - Бот был запущен
00:39:18 - INFO - load_locale: 43 - Начало загружки модуля локализации
00:39:18 - INFO - load_locale: 47 - --Модуль locale\commands\accounts был успешно загружен
00:39:18 - INFO - load_locale: 47 - --Модуль locale\commands\economy был успешно загружен
00:39:18 - INFO - load_locale: 47 - --Модуль locale\commands\family был успешно загружен
00:39:18 - INFO - load_locale: 47 - --Модуль locale\commands\gaiety был успешно загружен
00:39:18 - INFO - load_locale: 47 - --Модуль locale\commands\info был успешно загружен
00:39:18 - INFO - load_locale: 47 - --Модуль locale\commands\moderation был успешно загружен
00:39:18 - INFO - load_locale: 47 - --Модуль locale\commands\profile был успешно загружен
00:39:18 - INFO - load_locale: 47 - --Модуль locale\commands\rating был успешно загружен
00:39:18 - INFO - load_locale: 47 - --Модуль locale\commands\roleplay был успешно загружен
00:39:18 - INFO - load_locale: 47 - --Модуль locale\commands\server_settings был успешно загружен
00:39:18 - INFO - load_locale: 47 - --Модуль locale\commands\user был успешно загружен
00:39:18 - INFO - load_locale: 47 - --Модуль locale\commands\utilits был успешно загружен
00:39:18 - INFO - load_locale: 48 - Локализация для аргументов и названий команд загружена
00:39:18 - INFO - load_extensions: 17 - Начало загрузки команд
00:39:18 - INFO - load_extensions: 21 - --Модуль extensions.commands.family был успешно загружен
00:39:18 - INFO - load_extensions: 21 - --Модуль extensions.commands.profile был успешно загружен
00:39:18 - INFO - load_extensions: 21 - --Модуль extensions.commands.rating был успешно загружен
00:39:18 - INFO - load_extensions: 21 - --Модуль extensions.commands.moderation был успешно загружен
00:39:18 - INFO - load_extensions: 21 - --Модуль extensions.commands.roleplay был успешно загружен
00:39:18 - INFO - load_extensions: 21 - --Модуль extensions.commands.economy был успешно загружен
00:39:18 - INFO - load_extensions: 21 - --Модуль extensions.commands.info был успешно загружен
00:39:18 - INFO - load_extensions: 21 - --Модуль extensions.commands.utilits был успешно загружен
00:39:18 - INFO - load_extensions: 21 - --Модуль extensions.commands.user был успешно загружен
00:39:18 - INFO - load_extensions: 21 - --Модуль extensions.commands.gaiety был успешно загружен
00:39:18 - INFO - load_extensions: 21 - --Модуль extensions.commands.server_settings был успешно загружен
00:39:18 - INFO - load_extensions: 21 - --Модуль extensions.commands.developer был успешно загружен
00:39:18 - INFO - load_extensions: 21 - --Модуль extensions.commands.accounts был успешно загружен
00:39:18 - INFO - load_extensions: 27 - Комманды были успешны загружены
00:39:18 - INFO - load_extensions: 29 - Начало загрузки ивентов
00:39:18 - INFO - load_extensions: 33 - --Модуль extensions.events.on_guild_join был успешно загружен
00:39:18 - INFO - load_extensions: 33 - --Модуль extensions.events.levels был успешно загружен
00:39:18 - INFO - load_extensions: 33 - --Модуль extensions.events.private_voices был успешно загружен
00:39:18 - INFO - load_extensions: 33 - --Модуль extensions.events.on_ready был успешно загружен
00:39:18 - INFO - load_extensions: 33 - --Модуль extensions.events.on_guild_remove был успешно загружен
00:39:18 - INFO - load_extensions: 33 - --Модуль extensions.events.on_error был успешно загружен
00:39:18 - INFO - load_extensions: 39 - Ивенты были успешно загружены
00:39:18 - INFO - init_database: 25 - База данных подключена
00:39:18 - INFO - login: 861 - logging in using static token
00:39:19 - INFO - identify: 522 - Shard ID 0 has sent the IDENTIFY payload.
00:39:20 - INFO - received_message: 619 - Shard ID 0 has connected to Gateway: ["gateway-prd-us-east1-b-g0qw",{"micros":210380,"calls":["id_created",{"micros":1395,"calls":[]},"session_lookup_time",{"micros":393,"calls":[]},"session_lookup_finished",{"micros":16,"calls":[]},"discord-sessions-prd-2-259",{"micros":207299,"calls":["start_session",{"micros":175210,"calls":["discord-api-6c89db896f-5fvzv",{"micros":167258,"calls":["get_user",{"micros":14270},"get_guilds",{"micros":6274},"send_scheduled_deletion_message",{"micros":13},"guild_join_requests",{"micros":2},"authorized_ip_coro",{"micros":9}]}]},"starting_guild_connect",{"micros":55,"calls":[]},"presence_started",{"micros":19364,"calls":[]},"guilds_started",{"micros":171,"calls":[]},"guilds_connect",{"micros":2,"calls":[]},"presence_connect",{"micros":12466,"calls":[]},"connect_finished",{"micros":12473,"calls":[]},"build_ready",{"micros":24,"calls":[]},"clean_ready",{"micros":0,"calls":[]},"optimize_ready",{"micros":0,"calls":[]},"split_ready",{"micros":1,"calls":[]}]}]}] (Session ID: 92e25e553da1f4ec7e98c34d933da90e, Resume URL: wss://gateway-us-east1-b.discord.gg).
00:39:22 - INFO - on_ready: 32 - Загрузка клиента
00:39:22 - INFO - on_ready: 74 - Бот был запущен
00:45:49 - INFO - load_locale: 43 - Начало загружки модуля локализации
00:45:49 - INFO - load_locale: 47 - --Модуль locale\commands\accounts был успешно загружен
00:45:49 - INFO - load_locale: 47 - --Модуль locale\commands\economy был успешно загружен
00:45:49 - INFO - load_locale: 47 - --Модуль locale\commands\family был успешно загружен
00:45:49 - INFO - load_locale: 47 - --Модуль locale\commands\gaiety был успешно загружен
00:45:49 - INFO - load_locale: 47 - --Модуль locale\commands\info был успешно загружен
00:45:49 - INFO - load_locale: 47 - --Модуль locale\commands\moderation был успешно загружен
00:45:49 - INFO - load_locale: 47 - --Модуль locale\commands\profile был успешно загружен
00:45:49 - INFO - load_locale: 47 - --Модуль locale\commands\rating был успешно загружен
00:45:49 - INFO - load_locale: 47 - --Модуль locale\commands\roleplay был успешно загружен
00:45:49 - INFO - load_locale: 47 - --Модуль locale\commands\server_settings был успешно загружен
00:45:49 - INFO - load_locale: 47 - --Модуль locale\commands\user был успешно загружен
00:45:49 - INFO - load_locale: 47 - --Модуль locale\commands\utilits был успешно загружен
00:45:49 - INFO - load_locale: 48 - Локализация для аргументов и названий команд загружена
00:45:49 - INFO - load_extensions: 17 - Начало загрузки команд
00:45:49 - INFO - load_extensions: 21 - --Модуль extensions.commands.accounts был успешно загружен
00:45:49 - INFO - load_extensions: 21 - --Модуль extensions.commands.profile был успешно загружен
00:45:49 - INFO - load_extensions: 21 - --Модуль extensions.commands.family был успешно загружен
00:45:49 - INFO - load_extensions: 21 - --Модуль extensions.commands.user был успешно загружен
00:45:49 - INFO - load_extensions: 21 - --Модуль extensions.commands.utilits был успешно загружен
00:45:49 - INFO - load_extensions: 21 - --Модуль extensions.commands.info был успешно загружен
00:45:49 - INFO - load_extensions: 21 - --Модуль extensions.commands.roleplay был успешно загружен
00:45:49 - INFO - load_extensions: 21 - --Модуль extensions.commands.gaiety был успешно загружен
00:45:49 - INFO - load_extensions: 21 - --Модуль extensions.commands.moderation был успешно загружен
00:45:49 - INFO - load_extensions: 21 - --Модуль extensions.commands.economy был успешно загружен
00:45:49 - INFO - load_extensions: 21 - --Модуль extensions.commands.server_settings был успешно загружен
00:45:49 - INFO - load_extensions: 21 - --Модуль extensions.commands.developer был успешно загружен
00:45:49 - INFO - load_extensions: 21 - --Модуль extensions.commands.rating был успешно загружен
00:45:49 - INFO - load_extensions: 27 - Комманды были успешны загружены
00:45:49 - INFO - load_extensions: 29 - Начало загрузки ивентов
00:45:49 - INFO - load_extensions: 33 - --Модуль extensions.events.levels был успешно загружен
00:45:49 - INFO - load_extensions: 33 - --Модуль extensions.events.on_ready был успешно загружен
00:45:49 - INFO - load_extensions: 33 - --Модуль extensions.events.private_voices был успешно загружен
00:45:49 - INFO - load_extensions: 33 - --Модуль extensions.events.on_error был успешно загружен
00:45:49 - INFO - load_extensions: 33 - --Модуль extensions.events.on_guild_join был успешно загружен
00:45:49 - INFO - load_extensions: 33 - --Модуль extensions.events.on_guild_remove был успешно загружен
00:45:49 - INFO - load_extensions: 39 - Ивенты были успешно загружены
00:45:49 - INFO - init_database: 25 - База данных подключена
00:45:49 - INFO - login: 861 - logging in using static token
00:45:51 - INFO - identify: 522 - Shard ID 0 has sent the IDENTIFY payload.
00:45:51 - INFO - received_message: 619 - Shard ID 0 has connected to Gateway: ["gateway-prd-us-east1-d-nxfr",{"micros":122732,"calls":["id_created",{"micros":1777,"calls":[]},"session_lookup_time",{"micros":4526,"calls":[]},"session_lookup_finished",{"micros":12,"calls":[]},"discord-sessions-prd-2-108",{"micros":115883,"calls":["start_session",{"micros":96689,"calls":["discord-api-6c89db896f-qxnsz",{"micros":89038,"calls":["get_user",{"micros":16154},"get_guilds",{"micros":6650},"send_scheduled_deletion_message",{"micros":8},"guild_join_requests",{"micros":1},"authorized_ip_coro",{"micros":10}]}]},"starting_guild_connect",{"micros":55,"calls":[]},"presence_started",{"micros":1624,"calls":[]},"guilds_started",{"micros":161,"calls":[]},"guilds_connect",{"micros":2,"calls":[]},"presence_connect",{"micros":17327,"calls":[]},"connect_finished",{"micros":17332,"calls":[]},"build_ready",{"micros":19,"calls":[]},"clean_ready",{"micros":1,"calls":[]},"optimize_ready",{"micros":0,"calls":[]},"split_ready",{"micros":1,"calls":[]}]}]}] (Session ID: 070b09d9e0763a7f256e283815bd15db, Resume URL: wss://gateway-us-east1-d.discord.gg).
00:45:53 - INFO - on_ready: 32 - Загрузка клиента
00:45:53 - INFO - on_ready: 74 - Бот был запущен
01:11:04 - INFO - load_locale: 43 - Начало загружки модуля локализации
01:11:04 - INFO - load_locale: 47 - --Модуль locale\commands\accounts был успешно загружен
01:11:04 - INFO - load_locale: 47 - --Модуль locale\commands\economy был успешно загружен
01:11:04 - INFO - load_locale: 47 - --Модуль locale\commands\family был успешно загружен
01:11:04 - INFO - load_locale: 47 - --Модуль locale\commands\gaiety был успешно загружен
01:11:04 - INFO - load_locale: 47 - --Модуль locale\commands\info был успешно загружен
01:11:04 - INFO - load_locale: 47 - --Модуль locale\commands\moderation был успешно загружен
01:11:04 - INFO - load_locale: 47 - --Модуль locale\commands\profile был успешно загружен
01:11:04 - INFO - load_locale: 47 - --Модуль locale\commands\rating был успешно загружен
01:11:04 - INFO - load_locale: 47 - --Модуль locale\commands\roleplay был успешно загружен
01:11:04 - INFO - load_locale: 47 - --Модуль locale\commands\server_settings был успешно загружен
01:11:04 - INFO - load_locale: 47 - --Модуль locale\commands\user был успешно загружен
01:11:04 - INFO - load_locale: 47 - --Модуль locale\commands\utilits был успешно загружен
01:11:04 - INFO - load_locale: 48 - Локализация для аргументов и названий команд загружена
01:11:04 - INFO - load_extensions: 17 - Начало загрузки команд
01:11:04 - INFO - load_extensions: 21 - --Модуль extensions.commands.gaiety был успешно загружен
01:11:04 - INFO - load_extensions: 21 - --Модуль extensions.commands.user был успешно загружен
01:11:05 - INFO - load_extensions: 21 - --Модуль extensions.commands.server_settings был успешно загружен
01:11:05 - INFO - load_extensions: 21 - --Модуль extensions.commands.family был успешно загружен
01:11:05 - INFO - load_extensions: 21 - --Модуль extensions.commands.utilits был успешно загружен
01:11:05 - ERROR - load_extensions: 26 - ++Произошла ошибка при загрузке команд: Extension 'extensions.commands.info' raised an error: JSONDecodeError: Expecting property name enclosed in double quotes: line 18 column 5 (char 1150)
01:11:05 - INFO - load_extensions: 21 - --Модуль extensions.commands.rating был успешно загружен
01:11:05 - INFO - load_extensions: 21 - --Модуль extensions.commands.economy был успешно загружен
01:11:05 - INFO - load_extensions: 21 - --Модуль extensions.commands.profile был успешно загружен
01:11:05 - INFO - load_extensions: 21 - --Модуль extensions.commands.moderation был успешно загружен
01:11:05 - INFO - load_extensions: 21 - --Модуль extensions.commands.accounts был успешно загружен
01:11:05 - INFO - load_extensions: 21 - --Модуль extensions.commands.developer был успешно загружен
01:11:05 - INFO - load_extensions: 21 - --Модуль extensions.commands.roleplay был успешно загружен
01:11:05 - INFO - load_extensions: 27 - Комманды были успешны загружены
01:11:05 - INFO - load_extensions: 29 - Начало загрузки ивентов
01:11:05 - INFO - load_extensions: 33 - --Модуль extensions.events.levels был успешно загружен
01:11:05 - INFO - load_extensions: 33 - --Модуль extensions.events.private_voices был успешно загружен
01:11:05 - INFO - load_extensions: 33 - --Модуль extensions.events.on_ready был успешно загружен
01:11:05 - INFO - load_extensions: 33 - --Модуль extensions.events.on_guild_remove был успешно загружен
01:11:05 - INFO - load_extensions: 33 - --Модуль extensions.events.on_guild_join был успешно загружен
01:11:05 - INFO - load_extensions: 33 - --Модуль extensions.events.on_error был успешно загружен
01:11:05 - INFO - load_extensions: 39 - Ивенты были успешно загружены
01:11:05 - INFO - init_database: 25 - База данных подключена
01:11:05 - INFO - login: 861 - logging in using static token
01:11:06 - INFO - identify: 522 - Shard ID 0 has sent the IDENTIFY payload.
01:11:06 - INFO - received_message: 619 - Shard ID 0 has connected to Gateway: ["gateway-prd-us-east1-b-q6ld",{"micros":138465,"calls":["id_created",{"micros":1667,"calls":[]},"session_lookup_time",{"micros":577,"calls":[]},"session_lookup_finished",{"micros":15,"calls":[]},"discord-sessions-prd-2-184",{"micros":135216,"calls":["start_session",{"micros":120242,"calls":["discord-api-6c89db896f-58tvq",{"micros":112666,"calls":["get_user",{"micros":16578},"get_guilds",{"micros":23837},"send_scheduled_deletion_message",{"micros":29},"guild_join_requests",{"micros":2},"authorized_ip_coro",{"micros":12}]}]},"starting_guild_connect",{"micros":52,"calls":[]},"presence_started",{"micros":2763,"calls":[]},"guilds_started",{"micros":186,"calls":[]},"guilds_connect",{"micros":2,"calls":[]},"presence_connect",{"micros":11944,"calls":[]},"connect_finished",{"micros":11950,"calls":[]},"build_ready",{"micros":20,"calls":[]},"clean_ready",{"micros":1,"calls":[]},"optimize_ready",{"micros":0,"calls":[]},"split_ready",{"micros":1,"calls":[]}]}]}] (Session ID: ae25576f92ac6c805bad208e0cdbfa5d, Resume URL: wss://gateway-us-east1-b.discord.gg).
01:11:09 - INFO - on_ready: 32 - Загрузка клиента
01:11:09 - INFO - on_ready: 74 - Бот был запущен
01:11:30 - INFO - load_locale: 43 - Начало загружки модуля локализации
01:11:30 - INFO - load_locale: 47 - --Модуль locale\commands\accounts был успешно загружен
01:11:30 - INFO - load_locale: 47 - --Модуль locale\commands\economy был успешно загружен
01:11:30 - INFO - load_locale: 47 - --Модуль locale\commands\family был успешно загружен
01:11:30 - INFO - load_locale: 47 - --Модуль locale\commands\gaiety был успешно загружен
01:11:30 - INFO - load_locale: 47 - --Модуль locale\commands\info был успешно загружен
01:11:30 - INFO - load_locale: 47 - --Модуль locale\commands\moderation был успешно загружен
01:11:30 - INFO - load_locale: 47 - --Модуль locale\commands\profile был успешно загружен
01:11:30 - INFO - load_locale: 47 - --Модуль locale\commands\rating был успешно загружен
01:11:30 - INFO - load_locale: 47 - --Модуль locale\commands\roleplay был успешно загружен
01:11:30 - INFO - load_locale: 47 - --Модуль locale\commands\server_settings был успешно загружен
01:11:30 - INFO - load_locale: 47 - --Модуль locale\commands\user был успешно загружен
01:11:30 - INFO - load_locale: 47 - --Модуль locale\commands\utilits был успешно загружен
01:11:30 - INFO - load_locale: 48 - Локализация для аргументов и названий команд загружена
01:11:30 - INFO - load_extensions: 17 - Начало загрузки команд
01:11:30 - INFO - load_extensions: 21 - --Модуль extensions.commands.server_settings был успешно загружен
01:11:30 - INFO - load_extensions: 21 - --Модуль extensions.commands.family был успешно загружен
01:11:30 - INFO - load_extensions: 21 - --Модуль extensions.commands.utilits был успешно загружен
01:11:30 - INFO - load_extensions: 21 - --Модуль extensions.commands.economy был успешно загружен
01:11:30 - INFO - load_extensions: 21 - --Модуль extensions.commands.rating был успешно загружен
01:11:30 - INFO - load_extensions: 21 - --Модуль extensions.commands.moderation был успешно загружен
01:11:30 - INFO - load_extensions: 21 - --Модуль extensions.commands.developer был успешно загружен
01:11:30 - ERROR - load_extensions: 26 - ++Произошла ошибка при загрузке команд: Extension 'extensions.commands.info' raised an error: JSONDecodeError: Expecting property name enclosed in double quotes: line 18 column 5 (char 1150)
01:11:30 - INFO - load_extensions: 21 - --Модуль extensions.commands.gaiety был успешно загружен
01:11:30 - INFO - load_extensions: 21 - --Модуль extensions.commands.accounts был успешно загружен
01:11:30 - INFO - load_extensions: 21 - --Модуль extensions.commands.roleplay был успешно загружен
01:11:30 - INFO - load_extensions: 21 - --Модуль extensions.commands.profile был успешно загружен
01:11:30 - INFO - load_extensions: 21 - --Модуль extensions.commands.user был успешно загружен
01:11:30 - INFO - load_extensions: 27 - Комманды были успешны загружены
01:11:30 - INFO - load_extensions: 29 - Начало загрузки ивентов
01:11:30 - INFO - load_extensions: 33 - --Модуль extensions.events.levels был успешно загружен
01:11:30 - INFO - load_extensions: 33 - --Модуль extensions.events.private_voices был успешно загружен
01:11:30 - INFO - load_extensions: 33 - --Модуль extensions.events.on_guild_join был успешно загружен
01:11:30 - INFO - load_extensions: 33 - --Модуль extensions.events.on_guild_remove был успешно загружен
01:11:30 - INFO - load_extensions: 33 - --Модуль extensions.events.on_ready был успешно загружен
01:11:30 - INFO - load_extensions: 33 - --Модуль extensions.events.on_error был успешно загружен
01:11:30 - INFO - load_extensions: 39 - Ивенты были успешно загружены
01:11:30 - INFO - init_database: 25 - База данных подключена
01:11:30 - INFO - login: 861 - logging in using static token
01:11:32 - INFO - identify: 522 - Shard ID 0 has sent the IDENTIFY payload.
01:11:32 - INFO - received_message: 619 - Shard ID 0 has connected to Gateway: ["gateway-prd-us-east1-b-3hgr",{"micros":149118,"calls":["id_created",{"micros":1380,"calls":[]},"session_lookup_time",{"micros":2145,"calls":[]},"session_lookup_finished",{"micros":15,"calls":[]},"discord-sessions-prd-2-268",{"micros":144224,"calls":["start_session",{"micros":126624,"calls":["discord-api-6c89db896f-4hvwh",{"micros":118371,"calls":["get_user",{"micros":26902},"get_guilds",{"micros":46845},"send_scheduled_deletion_message",{"micros":7},"guild_join_requests",{"micros":1},"authorized_ip_coro",{"micros":11}]}]},"starting_guild_connect",{"micros":57,"calls":[]},"presence_started",{"micros":2219,"calls":[]},"guilds_started",{"micros":200,"calls":[]},"guilds_connect",{"micros":3,"calls":[]},"presence_connect",{"micros":15086,"calls":[]},"connect_finished",{"micros":15094,"calls":[]},"build_ready",{"micros":27,"calls":[]},"clean_ready",{"micros":0,"calls":[]},"optimize_ready",{"micros":1,"calls":[]},"split_ready",{"micros":1,"calls":[]}]}]}] (Session ID: d7c341ac6fbff2ceb5ff2a04183f3779, Resume URL: wss://gateway-us-east1-b.discord.gg).
01:11:34 - INFO - on_ready: 32 - Загрузка клиента
01:11:34 - INFO - on_ready: 74 - Бот был запущен
01:12:16 - INFO - load_locale: 43 - Начало загружки модуля локализации
01:12:16 - INFO - load_locale: 47 - --Модуль locale\commands\accounts был успешно загружен
01:12:16 - INFO - load_locale: 47 - --Модуль locale\commands\economy был успешно загружен
01:12:16 - INFO - load_locale: 47 - --Модуль locale\commands\family был успешно загружен
01:12:16 - INFO - load_locale: 47 - --Модуль locale\commands\gaiety был успешно загружен
01:12:16 - INFO - load_locale: 47 - --Модуль locale\commands\info был успешно загружен
01:12:16 - INFO - load_locale: 47 - --Модуль locale\commands\moderation был успешно загружен
01:12:16 - INFO - load_locale: 47 - --Модуль locale\commands\profile был успешно загружен
01:12:16 - INFO - load_locale: 47 - --Модуль locale\commands\rating был успешно загружен
01:12:16 - INFO - load_locale: 47 - --Модуль locale\commands\roleplay был успешно загружен
01:12:16 - INFO - load_locale: 47 - --Модуль locale\commands\server_settings был успешно загружен
01:12:16 - INFO - load_locale: 47 - --Модуль locale\commands\user был успешно загружен
01:12:16 - INFO - load_locale: 47 - --Модуль locale\commands\utilits был успешно загружен
01:12:16 - INFO - load_locale: 48 - Локализация для аргументов и названий команд загружена
01:12:16 - INFO - load_extensions: 17 - Начало загрузки команд
01:12:16 - INFO - load_extensions: 21 - --Модуль extensions.commands.moderation был успешно загружен
01:12:16 - INFO - load_extensions: 21 - --Модуль extensions.commands.roleplay был успешно загружен
01:12:16 - INFO - load_extensions: 21 - --Модуль extensions.commands.server_settings был успешно загружен
01:12:16 - INFO - load_extensions: 21 - --Модуль extensions.commands.gaiety был успешно загружен
01:12:16 - ERROR - load_extensions: 26 - ++Произошла ошибка при загрузке команд: Extension 'extensions.commands.info' raised an error: JSONDecodeError: Expecting property name enclosed in double quotes: line 18 column 5 (char 1150)
01:12:16 - INFO - load_extensions: 21 - --Модуль extensions.commands.developer был успешно загружен
01:12:16 - INFO - load_extensions: 21 - --Модуль extensions.commands.utilits был успешно загружен
01:12:16 - INFO - load_extensions: 21 - --Модуль extensions.commands.profile был успешно загружен
01:12:16 - INFO - load_extensions: 21 - --Модуль extensions.commands.rating был успешно загружен
01:12:16 - INFO - load_extensions: 21 - --Модуль extensions.commands.economy был успешно загружен
01:12:16 - INFO - load_extensions: 21 - --Модуль extensions.commands.user был успешно загружен
01:12:16 - INFO - load_extensions: 21 - --Модуль extensions.commands.accounts был успешно загружен
01:12:16 - INFO - load_extensions: 21 - --Модуль extensions.commands.family был успешно загружен
01:12:16 - INFO - load_extensions: 27 - Комманды были успешны загружены
01:12:16 - INFO - load_extensions: 29 - Начало загрузки ивентов
01:12:16 - INFO - load_extensions: 33 - --Модуль extensions.events.on_ready был успешно загружен
01:12:16 - INFO - load_extensions: 33 - --Модуль extensions.events.private_voices был успешно загружен
01:12:16 - INFO - load_extensions: 33 - --Модуль extensions.events.on_guild_join был успешно загружен
01:12:16 - INFO - load_extensions: 33 - --Модуль extensions.events.levels был успешно загружен
01:12:16 - INFO - load_extensions: 33 - --Модуль extensions.events.on_guild_remove был успешно загружен
01:12:16 - INFO - load_extensions: 33 - --Модуль extensions.events.on_error был успешно загружен
01:12:16 - INFO - load_extensions: 39 - Ивенты были успешно загружены
01:12:16 - INFO - init_database: 25 - База данных подключена
01:12:16 - INFO - login: 861 - logging in using static token
01:12:18 - INFO - identify: 522 - Shard ID 0 has sent the IDENTIFY payload.
01:12:18 - INFO - received_message: 619 - Shard ID 0 has connected to Gateway: ["gateway-prd-us-east1-d-954h",{"micros":117776,"calls":["id_created",{"micros":2368,"calls":[]},"session_lookup_time",{"micros":15181,"calls":[]},"session_lookup_finished",{"micros":17,"calls":[]},"discord-sessions-prd-2-105",{"micros":98544,"calls":["start_session",{"micros":85607,"calls":["discord-api-6c89db896f-6rnfs",{"micros":80026,"calls":["get_user",{"micros":9581},"get_guilds",{"micros":7873},"send_scheduled_deletion_message",{"micros":11},"guild_join_requests",{"micros":1},"authorized_ip_coro",{"micros":9}]}]},"starting_guild_connect",{"micros":69,"calls":[]},"presence_started",{"micros":530,"calls":[]},"guilds_started",{"micros":204,"calls":[]},"guilds_connect",{"micros":3,"calls":[]},"presence_connect",{"micros":12103,"calls":[]},"connect_finished",{"micros":12108,"calls":[]},"build_ready",{"micros":22,"calls":[]},"clean_ready",{"micros":1,"calls":[]},"optimize_ready",{"micros":1,"calls":[]},"split_ready",{"micros":1,"calls":[]}]}]}] (Session ID: e30de0d333c44878096a654f1c3b1e50, Resume URL: wss://gateway-us-east1-d.discord.gg).
01:12:20 - INFO - on_ready: 32 - Загрузка клиента
01:12:20 - INFO - on_ready: 74 - Бот был запущен
